This file contains any messages produced by compilers while
running configure, to aid debugging if configure makes a mistake.

It was created by yams configure 1.4.0, which was
generated by GNU Autoconf 2.65.  Invocation command line was

  $ ./configure 

## --------- ##
## Platform. ##
## --------- ##

hostname = malte-laptop
uname -m = i686
uname -r = 2.6.32-28-generic
uname -s = Linux
uname -v = #55-Ubuntu SMP Mon Jan 10 21:21:01 UTC 2011

/usr/bin/uname -p = unknown
/bin/uname -X     = unknown

/bin/arch              = unknown
/usr/bin/arch -k       = unknown
/usr/convex/getsysinfo = unknown
/usr/bin/hostinfo      = unknown
/bin/machine           = unknown
/usr/bin/oslevel       = unknown
/bin/universe          = unknown

PATH: /usr/local/sbin
PATH: /usr/local/bin
PATH: /usr/sbin
PATH: /usr/bin
PATH: /sbin
PATH: /bin
PATH: /usr/games
PATH: /home/malte/Diku/OSM/cross-gcc/bin/


## ----------- ##
## Core tests. ##
## ----------- ##

configure:2381: checking for a BSD-compatible install
configure:2449: result: /usr/bin/install -c
configure:2460: checking whether build environment is sane
configure:2497: result: yes
configure:2559: checking for gawk
configure:2575: found /usr/bin/gawk
configure:2586: result: gawk
configure:2597: checking whether make sets $(MAKE)
configure:2619: result: yes
configure:2848: checking for gcc
configure:2864: found /usr/bin/gcc
configure:2875: result: gcc
configure:3104: checking for C compiler version
configure:3113: gcc --version >&5
gcc (Ubuntu 4.4.3-4ubuntu5) 4.4.3
Copyright (C) 2009 Free Software Foundation, Inc.
This is free software; see the source for copying conditions.  There is NO
warranty; not even for MERCHANTABILITY or FITNESS FOR A PARTICULAR PURPOSE.

configure:3124: $? = 0
configure:3113: gcc -v >&5
Using built-in specs.
Target: i486-linux-gnu
Configured with: ../src/configure -v --with-pkgversion='Ubuntu 4.4.3-4ubuntu5' --with-bugurl=file:///usr/share/doc/gcc-4.4/README.Bugs --enable-languages=c,c++,fortran,objc,obj-c++ --prefix=/usr --enable-shared --enable-multiarch --enable-linker-build-id --with-system-zlib --libexecdir=/usr/lib --without-included-gettext --enable-threads=posix --with-gxx-include-dir=/usr/include/c++/4.4 --program-suffix=-4.4 --enable-nls --enable-clocale=gnu --enable-libstdcxx-debug --enable-plugin --enable-objc-gc --enable-targets=all --disable-werror --with-arch-32=i486 --with-tune=generic --enable-checking=release --build=i486-linux-gnu --host=i486-linux-gnu --target=i486-linux-gnu
Thread model: posix
gcc version 4.4.3 (Ubuntu 4.4.3-4ubuntu5) 
configure:3124: $? = 0
configure:3113: gcc -V >&5
gcc: '-V' option must have argument
configure:3124: $? = 1
configure:3113: gcc -qversion >&5
gcc: unrecognized option '-qversion'
gcc: no input files
configure:3124: $? = 1
configure:3144: checking whether the C compiler works
configure:3166: gcc    conftest.c  >&5
configure:3170: $? = 0
configure:3219: result: yes
configure:3222: checking for C compiler default output file name
configure:3224: result: a.out
configure:3230: checking for suffix of executables
configure:3237: gcc -o conftest    conftest.c  >&5
configure:3241: $? = 0
configure:3263: result: 
configure:3285: checking whether we are cross compiling
configure:3293: gcc -o conftest    conftest.c  >&5
configure:3297: $? = 0
configure:3304: ./conftest
configure:3308: $? = 0
configure:3323: result: no
configure:3328: checking for suffix of object files
configure:3350: gcc -c   conftest.c >&5
configure:3354: $? = 0
configure:3375: result: o
configure:3379: checking whether we are using the GNU C compiler
configure:3398: gcc -c   conftest.c >&5
configure:3398: $? = 0
configure:3407: result: yes
configure:3416: checking whether gcc accepts -g
configure:3436: gcc -c -g  conftest.c >&5
configure:3436: $? = 0
configure:3477: result: yes
configure:3494: checking for gcc option to accept ISO C89
configure:3558: gcc  -c -g -O2  conftest.c >&5
configure:3558: $? = 0
configure:3571: result: none needed
configure:3602: checking for style of include used by make
configure:3630: result: GNU
configure:3658: checking dependency style of gcc
configure:3748: result: gcc3
configure:3766: checking for library containing strerror
configure:3797: gcc -o conftest -g -O2   conftest.c  >&5
configure:3797: $? = 0
configure:3814: result: none required
configure:3826: checking for flex
configure:3856: result: no
configure:3826: checking for lex
configure:3856: result: no
configure:3986: checking for bison
configure:4016: result: no
configure:3986: checking for byacc
configure:4016: result: no
configure:4028: checking for gethostent
configure:4028: gcc -o conftest -g -O2   conftest.c  >&5
configure:4028: $? = 0
configure:4028: result: yes
configure:4079: checking for setsockopt
configure:4079: gcc -o conftest -g -O2   conftest.c  >&5
configure:4079: $? = 0
configure:4079: result: yes
configure:4132: checking for brk
configure:4132: gcc -o conftest -g -O2   conftest.c  >&5
configure:4132: $? = 0
configure:4132: result: yes
configure:4149: checking how to run the C preprocessor
configure:4180: gcc -E  conftest.c
configure:4180: $? = 0
configure:4194: gcc -E  conftest.c
conftest.c:12:28: error: ac_nonexistent.h: No such file or directory
configure:4194: $? = 1
configure: failed program was:
| /* confdefs.h */
| #define PACKAGE_NAME "yams"
| #define PACKAGE_TARNAME "yams"
| #define PACKAGE_VERSION "1.4.0"
| #define PACKAGE_STRING "yams 1.4.0"
| #define PACKAGE_BUGREPORT "buenos@cs.hut.fi"
| #define PACKAGE_URL ""
| #define PACKAGE "yams"
| #define VERSION "1.4.0"
| #define HAVE_BRK 1
| /* end confdefs.h.  */
| #include <ac_nonexistent.h>
configure:4219: result: gcc -E
configure:4239: gcc -E  conftest.c
configure:4239: $? = 0
configure:4253: gcc -E  conftest.c
conftest.c:12:28: error: ac_nonexistent.h: No such file or directory
configure:4253: $? = 1
configure: failed program was:
| /* confdefs.h */
| #define PACKAGE_NAME "yams"
| #define PACKAGE_TARNAME "yams"
| #define PACKAGE_VERSION "1.4.0"
| #define PACKAGE_STRING "yams 1.4.0"
| #define PACKAGE_BUGREPORT "buenos@cs.hut.fi"
| #define PACKAGE_URL ""
| #define PACKAGE "yams"
| #define VERSION "1.4.0"
| #define HAVE_BRK 1
| /* end confdefs.h.  */
| #include <ac_nonexistent.h>
configure:4282: checking for grep that handles long lines and -e
configure:4340: result: /bin/grep
configure:4345: checking for egrep
configure:4407: result: /bin/grep -E
configure:4412: checking for ANSI C header files
configure:4432: gcc -c -g -O2  conftest.c >&5
configure:4432: $? = 0
configure:4505: gcc -o conftest -g -O2   conftest.c  >&5
configure:4505: $? = 0
configure:4505: ./conftest
configure:4505: $? = 0
configure:4516: result: yes
configure:4529: checking for sys/types.h
configure:4529: gcc -c -g -O2  conftest.c >&5
configure:4529: $? = 0
configure:4529: result: yes
configure:4529: checking for sys/stat.h
configure:4529: gcc -c -g -O2  conftest.c >&5
configure:4529: $? = 0
configure:4529: result: yes
configure:4529: checking for stdlib.h
configure:4529: gcc -c -g -O2  conftest.c >&5
configure:4529: $? = 0
configure:4529: result: yes
configure:4529: checking for string.h
configure:4529: gcc -c -g -O2  conftest.c >&5
configure:4529: $? = 0
configure:4529: result: yes
configure:4529: checking for memory.h
configure:4529: gcc -c -g -O2  conftest.c >&5
configure:4529: $? = 0
configure:4529: result: yes
configure:4529: checking for strings.h
configure:4529: gcc -c -g -O2  conftest.c >&5
configure:4529: $? = 0
configure:4529: result: yes
configure:4529: checking for inttypes.h
configure:4529: gcc -c -g -O2  conftest.c >&5
configure:4529: $? = 0
configure:4529: result: yes
configure:4529: checking for stdint.h
configure:4529: gcc -c -g -O2  conftest.c >&5
configure:4529: $? = 0
configure:4529: result: yes
configure:4529: checking for unistd.h
configure:4529: gcc -c -g -O2  conftest.c >&5
configure:4529: $? = 0
configure:4529: result: yes
configure:4544: checking for working alloca.h
configure:4561: gcc -o conftest -g -O2   conftest.c  >&5
configure:4561: $? = 0
configure:4569: result: yes
configure:4577: checking for alloca
configure:4614: gcc -o conftest -g -O2   conftest.c  >&5
configure:4614: $? = 0
configure:4622: result: yes
configure:4735: checking for dirent.h that defines DIR
configure:4754: gcc -c -g -O2  conftest.c >&5
configure:4754: $? = 0
configure:4762: result: yes
configure:4776: checking for library containing opendir
configure:4807: gcc -o conftest -g -O2   conftest.c  >&5
configure:4807: $? = 0
configure:4824: result: none required
configure:4891: checking for ANSI C header files
configure:4995: result: yes
configure:5006: checking arpa/inet.h usability
configure:5006: gcc -c -g -O2  conftest.c >&5
configure:5006: $? = 0
configure:5006: result: yes
configure:5006: checking arpa/inet.h presence
configure:5006: gcc -E  conftest.c
configure:5006: $? = 0
configure:5006: result: yes
configure:5006: checking for arpa/inet.h
configure:5006: result: yes
configure:5006: checking fcntl.h usability
configure:5006: gcc -c -g -O2  conftest.c >&5
configure:5006: $? = 0
configure:5006: result: yes
configure:5006: checking fcntl.h presence
configure:5006: gcc -E  conftest.c
configure:5006: $? = 0
configure:5006: result: yes
configure:5006: checking for fcntl.h
configure:5006: result: yes
configure:5006: checking for inttypes.h
configure:5006: result: yes
configure:5006: checking libintl.h usability
configure:5006: gcc -c -g -O2  conftest.c >&5
configure:5006: $? = 0
configure:5006: result: yes
configure:5006: checking libintl.h presence
configure:5006: gcc -E  conftest.c
configure:5006: $? = 0
configure:5006: result: yes
configure:5006: checking for libintl.h
configure:5006: result: yes
configure:5006: checking locale.h usability
configure:5006: gcc -c -g -O2  conftest.c >&5
configure:5006: $? = 0
configure:5006: result: yes
configure:5006: checking locale.h presence
configure:5006: gcc -E  conftest.c
configure:5006: $? = 0
configure:5006: result: yes
configure:5006: checking for locale.h
configure:5006: result: yes
configure:5006: checking malloc.h usability
configure:5006: gcc -c -g -O2  conftest.c >&5
configure:5006: $? = 0
configure:5006: result: yes
configure:5006: checking malloc.h presence
configure:5006: gcc -E  conftest.c
configure:5006: $? = 0
configure:5006: result: yes
configure:5006: checking for malloc.h
configure:5006: result: yes
configure:5006: checking for memory.h
configure:5006: result: yes
configure:5006: checking netdb.h usability
configure:5006: gcc -c -g -O2  conftest.c >&5
configure:5006: $? = 0
configure:5006: result: yes
configure:5006: checking netdb.h presence
configure:5006: gcc -E  conftest.c
configure:5006: $? = 0
configure:5006: result: yes
configure:5006: checking for netdb.h
configure:5006: result: yes
configure:5006: checking netinet/in.h usability
configure:5006: gcc -c -g -O2  conftest.c >&5
configure:5006: $? = 0
configure:5006: result: yes
configure:5006: checking netinet/in.h presence
configure:5006: gcc -E  conftest.c
configure:5006: $? = 0
configure:5006: result: yes
configure:5006: checking for netinet/in.h
configure:5006: result: yes
configure:5006: checking stddef.h usability
configure:5006: gcc -c -g -O2  conftest.c >&5
configure:5006: $? = 0
configure:5006: result: yes
configure:5006: checking stddef.h presence
configure:5006: gcc -E  conftest.c
configure:5006: $? = 0
configure:5006: result: yes
configure:5006: checking for stddef.h
configure:5006: result: yes
configure:5006: checking for stdint.h
configure:5006: result: yes
configure:5006: checking for stdlib.h
configure:5006: result: yes
configure:5006: checking for string.h
configure:5006: result: yes
configure:5006: checking for strings.h
configure:5006: result: yes
configure:5006: checking sys/file.h usability
configure:5006: gcc -c -g -O2  conftest.c >&5
configure:5006: $? = 0
configure:5006: result: yes
configure:5006: checking sys/file.h presence
configure:5006: gcc -E  conftest.c
configure:5006: $? = 0
configure:5006: result: yes
configure:5006: checking for sys/file.h
configure:5006: result: yes
configure:5006: checking sys/param.h usability
configure:5006: gcc -c -g -O2  conftest.c >&5
configure:5006: $? = 0
configure:5006: result: yes
configure:5006: checking sys/param.h presence
configure:5006: gcc -E  conftest.c
configure:5006: $? = 0
configure:5006: result: yes
configure:5006: checking for sys/param.h
configure:5006: result: yes
configure:5006: checking sys/select.h usability
configure:5006: gcc -c -g -O2  conftest.c >&5
configure:5006: $? = 0
configure:5006: result: yes
configure:5006: checking sys/select.h presence
configure:5006: gcc -E  conftest.c
configure:5006: $? = 0
configure:5006: result: yes
configure:5006: checking for sys/select.h
configure:5006: result: yes
configure:5006: checking sys/socket.h usability
configure:5006: gcc -c -g -O2  conftest.c >&5
configure:5006: $? = 0
configure:5006: result: yes
configure:5006: checking sys/socket.h presence
configure:5006: gcc -E  conftest.c
configure:5006: $? = 0
configure:5006: result: yes
configure:5006: checking for sys/socket.h
configure:5006: result: yes
configure:5006: checking sys/time.h usability
configure:5006: gcc -c -g -O2  conftest.c >&5
configure:5006: $? = 0
configure:5006: result: yes
configure:5006: checking sys/time.h presence
configure:5006: gcc -E  conftest.c
configure:5006: $? = 0
configure:5006: result: yes
configure:5006: checking for sys/time.h
configure:5006: result: yes
configure:5006: checking termios.h usability
configure:5006: gcc -c -g -O2  conftest.c >&5
configure:5006: $? = 0
configure:5006: result: yes
configure:5006: checking termios.h presence
configure:5006: gcc -E  conftest.c
configure:5006: $? = 0
configure:5006: result: yes
configure:5006: checking for termios.h
configure:5006: result: yes
configure:5006: checking for unistd.h
configure:5006: result: yes
configure:5019: checking for an ANSI C-conforming const
configure:5084: gcc -c -g -O2  conftest.c >&5
configure:5084: $? = 0
configure:5091: result: yes
configure:5099: checking for working volatile
configure:5118: gcc -c -g -O2  conftest.c >&5
configure:5118: $? = 0
configure:5125: result: yes
configure:5133: checking for inline
configure:5149: gcc -c -g -O2  conftest.c >&5
configure:5149: $? = 0
configure:5157: result: inline
configure:5175: checking for pid_t
configure:5175: gcc -c -g -O2  conftest.c >&5
configure:5175: $? = 0
configure:5175: gcc -c -g -O2  conftest.c >&5
conftest.c: In function 'main':
conftest.c:83: error: expected expression before ')' token
configure:5175: $? = 1
configure: failed program was:
| /* confdefs.h */
| #define PACKAGE_NAME "yams"
| #define PACKAGE_TARNAME "yams"
| #define PACKAGE_VERSION "1.4.0"
| #define PACKAGE_STRING "yams 1.4.0"
| #define PACKAGE_BUGREPORT "buenos@cs.hut.fi"
| #define PACKAGE_URL ""
| #define PACKAGE "yams"
| #define VERSION "1.4.0"
| #define HAVE_BRK 1
| #define STDC_HEADERS 1
| #define HAVE_SYS_TYPES_H 1
| #define HAVE_SYS_STAT_H 1
| #define HAVE_STDLIB_H 1
| #define HAVE_STRING_H 1
| #define HAVE_MEMORY_H 1
| #define HAVE_STRINGS_H 1
| #define HAVE_INTTYPES_H 1
| #define HAVE_STDINT_H 1
| #define HAVE_UNISTD_H 1
| #define HAVE_ALLOCA_H 1
| #define HAVE_ALLOCA 1
| #define HAVE_DIRENT_H 1
| #define STDC_HEADERS 1
| #define HAVE_ARPA_INET_H 1
| #define HAVE_FCNTL_H 1
| #define HAVE_INTTYPES_H 1
| #define HAVE_LIBINTL_H 1
| #define HAVE_LOCALE_H 1
| #define HAVE_MALLOC_H 1
| #define HAVE_MEMORY_H 1
| #define HAVE_NETDB_H 1
| #define HAVE_NETINET_IN_H 1
| #define HAVE_STDDEF_H 1
| #define HAVE_STDINT_H 1
| #define HAVE_STDLIB_H 1
| #define HAVE_STRING_H 1
| #define HAVE_STRINGS_H 1
| #define HAVE_SYS_FILE_H 1
| #define HAVE_SYS_PARAM_H 1
| #define HAVE_SYS_SELECT_H 1
| #define HAVE_SYS_SOCKET_H 1
| #define HAVE_SYS_TIME_H 1
| #define HAVE_TERMIOS_H 1
| #define HAVE_UNISTD_H 1
| /* end confdefs.h.  */
| #include <stdio.h>
| #ifdef HAVE_SYS_TYPES_H
| # include <sys/types.h>
| #endif
| #ifdef HAVE_SYS_STAT_H
| # include <sys/stat.h>
| #endif
| #ifdef STDC_HEADERS
| # include <stdlib.h>
| # include <stddef.h>
| #else
| # ifdef HAVE_STDLIB_H
| #  include <stdlib.h>
| # endif
| #endif
| #ifdef HAVE_STRING_H
| # if !defined STDC_HEADERS && defined HAVE_MEMORY_H
| #  include <memory.h>
| # endif
| # include <string.h>
| #endif
| #ifdef HAVE_STRINGS_H
| # include <strings.h>
| #endif
| #ifdef HAVE_INTTYPES_H
| # include <inttypes.h>
| #endif
| #ifdef HAVE_STDINT_H
| # include <stdint.h>
| #endif
| #ifdef HAVE_UNISTD_H
| # include <unistd.h>
| #endif
| int
| main ()
| {
| if (sizeof ((pid_t)))
| 	    return 0;
|   ;
|   return 0;
| }
configure:5175: result: yes
configure:5186: checking for size_t
configure:5186: gcc -c -g -O2  conftest.c >&5
configure:5186: $? = 0
configure:5186: gcc -c -g -O2  conftest.c >&5
conftest.c: In function 'main':
conftest.c:83: error: expected expression before ')' token
configure:5186: $? = 1
configure: failed program was:
| /* confdefs.h */
| #define PACKAGE_NAME "yams"
| #define PACKAGE_TARNAME "yams"
| #define PACKAGE_VERSION "1.4.0"
| #define PACKAGE_STRING "yams 1.4.0"
| #define PACKAGE_BUGREPORT "buenos@cs.hut.fi"
| #define PACKAGE_URL ""
| #define PACKAGE "yams"
| #define VERSION "1.4.0"
| #define HAVE_BRK 1
| #define STDC_HEADERS 1
| #define HAVE_SYS_TYPES_H 1
| #define HAVE_SYS_STAT_H 1
| #define HAVE_STDLIB_H 1
| #define HAVE_STRING_H 1
| #define HAVE_MEMORY_H 1
| #define HAVE_STRINGS_H 1
| #define HAVE_INTTYPES_H 1
| #define HAVE_STDINT_H 1
| #define HAVE_UNISTD_H 1
| #define HAVE_ALLOCA_H 1
| #define HAVE_ALLOCA 1
| #define HAVE_DIRENT_H 1
| #define STDC_HEADERS 1
| #define HAVE_ARPA_INET_H 1
| #define HAVE_FCNTL_H 1
| #define HAVE_INTTYPES_H 1
| #define HAVE_LIBINTL_H 1
| #define HAVE_LOCALE_H 1
| #define HAVE_MALLOC_H 1
| #define HAVE_MEMORY_H 1
| #define HAVE_NETDB_H 1
| #define HAVE_NETINET_IN_H 1
| #define HAVE_STDDEF_H 1
| #define HAVE_STDINT_H 1
| #define HAVE_STDLIB_H 1
| #define HAVE_STRING_H 1
| #define HAVE_STRINGS_H 1
| #define HAVE_SYS_FILE_H 1
| #define HAVE_SYS_PARAM_H 1
| #define HAVE_SYS_SELECT_H 1
| #define HAVE_SYS_SOCKET_H 1
| #define HAVE_SYS_TIME_H 1
| #define HAVE_TERMIOS_H 1
| #define HAVE_UNISTD_H 1
| /* end confdefs.h.  */
| #include <stdio.h>
| #ifdef HAVE_SYS_TYPES_H
| # include <sys/types.h>
| #endif
| #ifdef HAVE_SYS_STAT_H
| # include <sys/stat.h>
| #endif
| #ifdef STDC_HEADERS
| # include <stdlib.h>
| # include <stddef.h>
| #else
| # ifdef HAVE_STDLIB_H
| #  include <stdlib.h>
| # endif
| #endif
| #ifdef HAVE_STRING_H
| # if !defined STDC_HEADERS && defined HAVE_MEMORY_H
| #  include <memory.h>
| # endif
| # include <string.h>
| #endif
| #ifdef HAVE_STRINGS_H
| # include <strings.h>
| #endif
| #ifdef HAVE_INTTYPES_H
| # include <inttypes.h>
| #endif
| #ifdef HAVE_STDINT_H
| # include <stdint.h>
| #endif
| #ifdef HAVE_UNISTD_H
| # include <unistd.h>
| #endif
| int
| main ()
| {
| if (sizeof ((size_t)))
| 	    return 0;
|   ;
|   return 0;
| }
configure:5186: result: yes
configure:5197: checking for ssize_t
configure:5197: gcc -c -g -O2  conftest.c >&5
configure:5197: $? = 0
configure:5197: gcc -c -g -O2  conftest.c >&5
conftest.c: In function 'main':
conftest.c:83: error: expected expression before ')' token
configure:5197: $? = 1
configure: failed program was:
| /* confdefs.h */
| #define PACKAGE_NAME "yams"
| #define PACKAGE_TARNAME "yams"
| #define PACKAGE_VERSION "1.4.0"
| #define PACKAGE_STRING "yams 1.4.0"
| #define PACKAGE_BUGREPORT "buenos@cs.hut.fi"
| #define PACKAGE_URL ""
| #define PACKAGE "yams"
| #define VERSION "1.4.0"
| #define HAVE_BRK 1
| #define STDC_HEADERS 1
| #define HAVE_SYS_TYPES_H 1
| #define HAVE_SYS_STAT_H 1
| #define HAVE_STDLIB_H 1
| #define HAVE_STRING_H 1
| #define HAVE_MEMORY_H 1
| #define HAVE_STRINGS_H 1
| #define HAVE_INTTYPES_H 1
| #define HAVE_STDINT_H 1
| #define HAVE_UNISTD_H 1
| #define HAVE_ALLOCA_H 1
| #define HAVE_ALLOCA 1
| #define HAVE_DIRENT_H 1
| #define STDC_HEADERS 1
| #define HAVE_ARPA_INET_H 1
| #define HAVE_FCNTL_H 1
| #define HAVE_INTTYPES_H 1
| #define HAVE_LIBINTL_H 1
| #define HAVE_LOCALE_H 1
| #define HAVE_MALLOC_H 1
| #define HAVE_MEMORY_H 1
| #define HAVE_NETDB_H 1
| #define HAVE_NETINET_IN_H 1
| #define HAVE_STDDEF_H 1
| #define HAVE_STDINT_H 1
| #define HAVE_STDLIB_H 1
| #define HAVE_STRING_H 1
| #define HAVE_STRINGS_H 1
| #define HAVE_SYS_FILE_H 1
| #define HAVE_SYS_PARAM_H 1
| #define HAVE_SYS_SELECT_H 1
| #define HAVE_SYS_SOCKET_H 1
| #define HAVE_SYS_TIME_H 1
| #define HAVE_TERMIOS_H 1
| #define HAVE_UNISTD_H 1
| /* end confdefs.h.  */
| #include <stdio.h>
| #ifdef HAVE_SYS_TYPES_H
| # include <sys/types.h>
| #endif
| #ifdef HAVE_SYS_STAT_H
| # include <sys/stat.h>
| #endif
| #ifdef STDC_HEADERS
| # include <stdlib.h>
| # include <stddef.h>
| #else
| # ifdef HAVE_STDLIB_H
| #  include <stdlib.h>
| # endif
| #endif
| #ifdef HAVE_STRING_H
| # if !defined STDC_HEADERS && defined HAVE_MEMORY_H
| #  include <memory.h>
| # endif
| # include <string.h>
| #endif
| #ifdef HAVE_STRINGS_H
| # include <strings.h>
| #endif
| #ifdef HAVE_INTTYPES_H
| # include <inttypes.h>
| #endif
| #ifdef HAVE_STDINT_H
| # include <stdint.h>
| #endif
| #ifdef HAVE_UNISTD_H
| # include <unistd.h>
| #endif
| int
| main ()
| {
| if (sizeof ((ssize_t)))
| 	    return 0;
|   ;
|   return 0;
| }
configure:5197: result: yes
configure:5208: checking for int16_t
configure:5208: gcc -c -g -O2  conftest.c >&5
configure:5208: $? = 0
configure:5208: gcc -c -g -O2  conftest.c >&5
conftest.c: In function 'main':
conftest.c:85: error: size of array 'test_array' is negative
configure:5208: $? = 1
configure: failed program was:
| /* confdefs.h */
| #define PACKAGE_NAME "yams"
| #define PACKAGE_TARNAME "yams"
| #define PACKAGE_VERSION "1.4.0"
| #define PACKAGE_STRING "yams 1.4.0"
| #define PACKAGE_BUGREPORT "buenos@cs.hut.fi"
| #define PACKAGE_URL ""
| #define PACKAGE "yams"
| #define VERSION "1.4.0"
| #define HAVE_BRK 1
| #define STDC_HEADERS 1
| #define HAVE_SYS_TYPES_H 1
| #define HAVE_SYS_STAT_H 1
| #define HAVE_STDLIB_H 1
| #define HAVE_STRING_H 1
| #define HAVE_MEMORY_H 1
| #define HAVE_STRINGS_H 1
| #define HAVE_INTTYPES_H 1
| #define HAVE_STDINT_H 1
| #define HAVE_UNISTD_H 1
| #define HAVE_ALLOCA_H 1
| #define HAVE_ALLOCA 1
| #define HAVE_DIRENT_H 1
| #define STDC_HEADERS 1
| #define HAVE_ARPA_INET_H 1
| #define HAVE_FCNTL_H 1
| #define HAVE_INTTYPES_H 1
| #define HAVE_LIBINTL_H 1
| #define HAVE_LOCALE_H 1
| #define HAVE_MALLOC_H 1
| #define HAVE_MEMORY_H 1
| #define HAVE_NETDB_H 1
| #define HAVE_NETINET_IN_H 1
| #define HAVE_STDDEF_H 1
| #define HAVE_STDINT_H 1
| #define HAVE_STDLIB_H 1
| #define HAVE_STRING_H 1
| #define HAVE_STRINGS_H 1
| #define HAVE_SYS_FILE_H 1
| #define HAVE_SYS_PARAM_H 1
| #define HAVE_SYS_SELECT_H 1
| #define HAVE_SYS_SOCKET_H 1
| #define HAVE_SYS_TIME_H 1
| #define HAVE_TERMIOS_H 1
| #define HAVE_UNISTD_H 1
| /* end confdefs.h.  */
| #include <stdio.h>
| #ifdef HAVE_SYS_TYPES_H
| # include <sys/types.h>
| #endif
| #ifdef HAVE_SYS_STAT_H
| # include <sys/stat.h>
| #endif
| #ifdef STDC_HEADERS
| # include <stdlib.h>
| # include <stddef.h>
| #else
| # ifdef HAVE_STDLIB_H
| #  include <stdlib.h>
| # endif
| #endif
| #ifdef HAVE_STRING_H
| # if !defined STDC_HEADERS && defined HAVE_MEMORY_H
| #  include <memory.h>
| # endif
| # include <string.h>
| #endif
| #ifdef HAVE_STRINGS_H
| # include <strings.h>
| #endif
| #ifdef HAVE_INTTYPES_H
| # include <inttypes.h>
| #endif
| #ifdef HAVE_STDINT_H
| # include <stdint.h>
| #endif
| #ifdef HAVE_UNISTD_H
| # include <unistd.h>
| #endif
| 	        enum { N = 16 / 2 - 1 };
| int
| main ()
| {
| static int test_array [1 - 2 * !((int16_t) (((((int16_t) 1 << N) << N) - 1) * 2 + 1)
| 		 < (int16_t) (((((int16_t) 1 << N) << N) - 1) * 2 + 2))];
| test_array [0] = 0
| 
|   ;
|   return 0;
| }
configure:5208: result: yes
configure:5219: checking for int32_t
configure:5219: gcc -c -g -O2  conftest.c >&5
configure:5219: $? = 0
configure:5219: gcc -c -g -O2  conftest.c >&5
conftest.c: In function 'main':
conftest.c:85: warning: integer overflow in expression
conftest.c:85: error: size of array 'test_array' is negative
configure:5219: $? = 1
configure: failed program was:
| /* confdefs.h */
| #define PACKAGE_NAME "yams"
| #define PACKAGE_TARNAME "yams"
| #define PACKAGE_VERSION "1.4.0"
| #define PACKAGE_STRING "yams 1.4.0"
| #define PACKAGE_BUGREPORT "buenos@cs.hut.fi"
| #define PACKAGE_URL ""
| #define PACKAGE "yams"
| #define VERSION "1.4.0"
| #define HAVE_BRK 1
| #define STDC_HEADERS 1
| #define HAVE_SYS_TYPES_H 1
| #define HAVE_SYS_STAT_H 1
| #define HAVE_STDLIB_H 1
| #define HAVE_STRING_H 1
| #define HAVE_MEMORY_H 1
| #define HAVE_STRINGS_H 1
| #define HAVE_INTTYPES_H 1
| #define HAVE_STDINT_H 1
| #define HAVE_UNISTD_H 1
| #define HAVE_ALLOCA_H 1
| #define HAVE_ALLOCA 1
| #define HAVE_DIRENT_H 1
| #define STDC_HEADERS 1
| #define HAVE_ARPA_INET_H 1
| #define HAVE_FCNTL_H 1
| #define HAVE_INTTYPES_H 1
| #define HAVE_LIBINTL_H 1
| #define HAVE_LOCALE_H 1
| #define HAVE_MALLOC_H 1
| #define HAVE_MEMORY_H 1
| #define HAVE_NETDB_H 1
| #define HAVE_NETINET_IN_H 1
| #define HAVE_STDDEF_H 1
| #define HAVE_STDINT_H 1
| #define HAVE_STDLIB_H 1
| #define HAVE_STRING_H 1
| #define HAVE_STRINGS_H 1
| #define HAVE_SYS_FILE_H 1
| #define HAVE_SYS_PARAM_H 1
| #define HAVE_SYS_SELECT_H 1
| #define HAVE_SYS_SOCKET_H 1
| #define HAVE_SYS_TIME_H 1
| #define HAVE_TERMIOS_H 1
| #define HAVE_UNISTD_H 1
| /* end confdefs.h.  */
| #include <stdio.h>
| #ifdef HAVE_SYS_TYPES_H
| # include <sys/types.h>
| #endif
| #ifdef HAVE_SYS_STAT_H
| # include <sys/stat.h>
| #endif
| #ifdef STDC_HEADERS
| # include <stdlib.h>
| # include <stddef.h>
| #else
| # ifdef HAVE_STDLIB_H
| #  include <stdlib.h>
| # endif
| #endif
| #ifdef HAVE_STRING_H
| # if !defined STDC_HEADERS && defined HAVE_MEMORY_H
| #  include <memory.h>
| # endif
| # include <string.h>
| #endif
| #ifdef HAVE_STRINGS_H
| # include <strings.h>
| #endif
| #ifdef HAVE_INTTYPES_H
| # include <inttypes.h>
| #endif
| #ifdef HAVE_STDINT_H
| # include <stdint.h>
| #endif
| #ifdef HAVE_UNISTD_H
| # include <unistd.h>
| #endif
| 	        enum { N = 32 / 2 - 1 };
| int
| main ()
| {
| static int test_array [1 - 2 * !((int32_t) (((((int32_t) 1 << N) << N) - 1) * 2 + 1)
| 		 < (int32_t) (((((int32_t) 1 << N) << N) - 1) * 2 + 2))];
| test_array [0] = 0
| 
|   ;
|   return 0;
| }
configure:5219: result: yes
configure:5230: checking for int64_t
configure:5230: gcc -c -g -O2  conftest.c >&5
configure:5230: $? = 0
configure:5230: gcc -c -g -O2  conftest.c >&5
conftest.c: In function 'main':
conftest.c:85: warning: integer overflow in expression
conftest.c:85: error: size of array 'test_array' is negative
configure:5230: $? = 1
configure: failed program was:
| /* confdefs.h */
| #define PACKAGE_NAME "yams"
| #define PACKAGE_TARNAME "yams"
| #define PACKAGE_VERSION "1.4.0"
| #define PACKAGE_STRING "yams 1.4.0"
| #define PACKAGE_BUGREPORT "buenos@cs.hut.fi"
| #define PACKAGE_URL ""
| #define PACKAGE "yams"
| #define VERSION "1.4.0"
| #define HAVE_BRK 1
| #define STDC_HEADERS 1
| #define HAVE_SYS_TYPES_H 1
| #define HAVE_SYS_STAT_H 1
| #define HAVE_STDLIB_H 1
| #define HAVE_STRING_H 1
| #define HAVE_MEMORY_H 1
| #define HAVE_STRINGS_H 1
| #define HAVE_INTTYPES_H 1
| #define HAVE_STDINT_H 1
| #define HAVE_UNISTD_H 1
| #define HAVE_ALLOCA_H 1
| #define HAVE_ALLOCA 1
| #define HAVE_DIRENT_H 1
| #define STDC_HEADERS 1
| #define HAVE_ARPA_INET_H 1
| #define HAVE_FCNTL_H 1
| #define HAVE_INTTYPES_H 1
| #define HAVE_LIBINTL_H 1
| #define HAVE_LOCALE_H 1
| #define HAVE_MALLOC_H 1
| #define HAVE_MEMORY_H 1
| #define HAVE_NETDB_H 1
| #define HAVE_NETINET_IN_H 1
| #define HAVE_STDDEF_H 1
| #define HAVE_STDINT_H 1
| #define HAVE_STDLIB_H 1
| #define HAVE_STRING_H 1
| #define HAVE_STRINGS_H 1
| #define HAVE_SYS_FILE_H 1
| #define HAVE_SYS_PARAM_H 1
| #define HAVE_SYS_SELECT_H 1
| #define HAVE_SYS_SOCKET_H 1
| #define HAVE_SYS_TIME_H 1
| #define HAVE_TERMIOS_H 1
| #define HAVE_UNISTD_H 1
| /* end confdefs.h.  */
| #include <stdio.h>
| #ifdef HAVE_SYS_TYPES_H
| # include <sys/types.h>
| #endif
| #ifdef HAVE_SYS_STAT_H
| # include <sys/stat.h>
| #endif
| #ifdef STDC_HEADERS
| # include <stdlib.h>
| # include <stddef.h>
| #else
| # ifdef HAVE_STDLIB_H
| #  include <stdlib.h>
| # endif
| #endif
| #ifdef HAVE_STRING_H
| # if !defined STDC_HEADERS && defined HAVE_MEMORY_H
| #  include <memory.h>
| # endif
| # include <string.h>
| #endif
| #ifdef HAVE_STRINGS_H
| # include <strings.h>
| #endif
| #ifdef HAVE_INTTYPES_H
| # include <inttypes.h>
| #endif
| #ifdef HAVE_STDINT_H
| # include <stdint.h>
| #endif
| #ifdef HAVE_UNISTD_H
| # include <unistd.h>
| #endif
| 	        enum { N = 64 / 2 - 1 };
| int
| main ()
| {
| static int test_array [1 - 2 * !((int64_t) (((((int64_t) 1 << N) << N) - 1) * 2 + 1)
| 		 < (int64_t) (((((int64_t) 1 << N) << N) - 1) * 2 + 2))];
| test_array [0] = 0
| 
|   ;
|   return 0;
| }
configure:5230: result: yes
configure:5241: checking for int8_t
configure:5241: gcc -c -g -O2  conftest.c >&5
configure:5241: $? = 0
configure:5241: gcc -c -g -O2  conftest.c >&5
conftest.c: In function 'main':
conftest.c:85: error: size of array 'test_array' is negative
configure:5241: $? = 1
configure: failed program was:
| /* confdefs.h */
| #define PACKAGE_NAME "yams"
| #define PACKAGE_TARNAME "yams"
| #define PACKAGE_VERSION "1.4.0"
| #define PACKAGE_STRING "yams 1.4.0"
| #define PACKAGE_BUGREPORT "buenos@cs.hut.fi"
| #define PACKAGE_URL ""
| #define PACKAGE "yams"
| #define VERSION "1.4.0"
| #define HAVE_BRK 1
| #define STDC_HEADERS 1
| #define HAVE_SYS_TYPES_H 1
| #define HAVE_SYS_STAT_H 1
| #define HAVE_STDLIB_H 1
| #define HAVE_STRING_H 1
| #define HAVE_MEMORY_H 1
| #define HAVE_STRINGS_H 1
| #define HAVE_INTTYPES_H 1
| #define HAVE_STDINT_H 1
| #define HAVE_UNISTD_H 1
| #define HAVE_ALLOCA_H 1
| #define HAVE_ALLOCA 1
| #define HAVE_DIRENT_H 1
| #define STDC_HEADERS 1
| #define HAVE_ARPA_INET_H 1
| #define HAVE_FCNTL_H 1
| #define HAVE_INTTYPES_H 1
| #define HAVE_LIBINTL_H 1
| #define HAVE_LOCALE_H 1
| #define HAVE_MALLOC_H 1
| #define HAVE_MEMORY_H 1
| #define HAVE_NETDB_H 1
| #define HAVE_NETINET_IN_H 1
| #define HAVE_STDDEF_H 1
| #define HAVE_STDINT_H 1
| #define HAVE_STDLIB_H 1
| #define HAVE_STRING_H 1
| #define HAVE_STRINGS_H 1
| #define HAVE_SYS_FILE_H 1
| #define HAVE_SYS_PARAM_H 1
| #define HAVE_SYS_SELECT_H 1
| #define HAVE_SYS_SOCKET_H 1
| #define HAVE_SYS_TIME_H 1
| #define HAVE_TERMIOS_H 1
| #define HAVE_UNISTD_H 1
| /* end confdefs.h.  */
| #include <stdio.h>
| #ifdef HAVE_SYS_TYPES_H
| # include <sys/types.h>
| #endif
| #ifdef HAVE_SYS_STAT_H
| # include <sys/stat.h>
| #endif
| #ifdef STDC_HEADERS
| # include <stdlib.h>
| # include <stddef.h>
| #else
| # ifdef HAVE_STDLIB_H
| #  include <stdlib.h>
| # endif
| #endif
| #ifdef HAVE_STRING_H
| # if !defined STDC_HEADERS && defined HAVE_MEMORY_H
| #  include <memory.h>
| # endif
| # include <string.h>
| #endif
| #ifdef HAVE_STRINGS_H
| # include <strings.h>
| #endif
| #ifdef HAVE_INTTYPES_H
| # include <inttypes.h>
| #endif
| #ifdef HAVE_STDINT_H
| # include <stdint.h>
| #endif
| #ifdef HAVE_UNISTD_H
| # include <unistd.h>
| #endif
| 	        enum { N = 8 / 2 - 1 };
| int
| main ()
| {
| static int test_array [1 - 2 * !((int8_t) (((((int8_t) 1 << N) << N) - 1) * 2 + 1)
| 		 < (int8_t) (((((int8_t) 1 << N) << N) - 1) * 2 + 2))];
| test_array [0] = 0
| 
|   ;
|   return 0;
| }
configure:5241: result: yes
configure:5252: checking for uint16_t
configure:5252: gcc -c -g -O2  conftest.c >&5
configure:5252: $? = 0
configure:5252: result: yes
configure:5264: checking for uint32_t
configure:5264: gcc -c -g -O2  conftest.c >&5
configure:5264: $? = 0
configure:5264: result: yes
configure:5278: checking for uint64_t
configure:5278: gcc -c -g -O2  conftest.c >&5
configure:5278: $? = 0
configure:5278: result: yes
configure:5292: checking for uint8_t
configure:5292: gcc -c -g -O2  conftest.c >&5
configure:5292: $? = 0
configure:5292: result: yes
configure:5306: checking whether time.h and sys/time.h may both be included
configure:5326: gcc -c -g -O2  conftest.c >&5
configure:5326: $? = 0
configure:5333: result: yes
configure:5343: checking whether closedir returns void
configure:5367: gcc -o conftest -g -O2   conftest.c  >&5
configure:5367: $? = 0
configure:5367: ./conftest
configure:5367: $? = 0
configure:5377: result: no
configure:5387: checking vfork.h usability
configure:5387: gcc -c -g -O2  conftest.c >&5
conftest.c:81:19: error: vfork.h: No such file or directory
configure:5387: $? = 1
configure: failed program was:
| /* confdefs.h */
| #define PACKAGE_NAME "yams"
| #define PACKAGE_TARNAME "yams"
| #define PACKAGE_VERSION "1.4.0"
| #define PACKAGE_STRING "yams 1.4.0"
| #define PACKAGE_BUGREPORT "buenos@cs.hut.fi"
| #define PACKAGE_URL ""
| #define PACKAGE "yams"
| #define VERSION "1.4.0"
| #define HAVE_BRK 1
| #define STDC_HEADERS 1
| #define HAVE_SYS_TYPES_H 1
| #define HAVE_SYS_STAT_H 1
| #define HAVE_STDLIB_H 1
| #define HAVE_STRING_H 1
| #define HAVE_MEMORY_H 1
| #define HAVE_STRINGS_H 1
| #define HAVE_INTTYPES_H 1
| #define HAVE_STDINT_H 1
| #define HAVE_UNISTD_H 1
| #define HAVE_ALLOCA_H 1
| #define HAVE_ALLOCA 1
| #define HAVE_DIRENT_H 1
| #define STDC_HEADERS 1
| #define HAVE_ARPA_INET_H 1
| #define HAVE_FCNTL_H 1
| #define HAVE_INTTYPES_H 1
| #define HAVE_LIBINTL_H 1
| #define HAVE_LOCALE_H 1
| #define HAVE_MALLOC_H 1
| #define HAVE_MEMORY_H 1
| #define HAVE_NETDB_H 1
| #define HAVE_NETINET_IN_H 1
| #define HAVE_STDDEF_H 1
| #define HAVE_STDINT_H 1
| #define HAVE_STDLIB_H 1
| #define HAVE_STRING_H 1
| #define HAVE_STRINGS_H 1
| #define HAVE_SYS_FILE_H 1
| #define HAVE_SYS_PARAM_H 1
| #define HAVE_SYS_SELECT_H 1
| #define HAVE_SYS_SOCKET_H 1
| #define HAVE_SYS_TIME_H 1
| #define HAVE_TERMIOS_H 1
| #define HAVE_UNISTD_H 1
| #define TIME_WITH_SYS_TIME 1
| /* end confdefs.h.  */
| #include <stdio.h>
| #ifdef HAVE_SYS_TYPES_H
| # include <sys/types.h>
| #endif
| #ifdef HAVE_SYS_STAT_H
| # include <sys/stat.h>
| #endif
| #ifdef STDC_HEADERS
| # include <stdlib.h>
| # include <stddef.h>
| #else
| # ifdef HAVE_STDLIB_H
| #  include <stdlib.h>
| # endif
| #endif
| #ifdef HAVE_STRING_H
| # if !defined STDC_HEADERS && defined HAVE_MEMORY_H
| #  include <memory.h>
| # endif
| # include <string.h>
| #endif
| #ifdef HAVE_STRINGS_H
| # include <strings.h>
| #endif
| #ifdef HAVE_INTTYPES_H
| # include <inttypes.h>
| #endif
| #ifdef HAVE_STDINT_H
| # include <stdint.h>
| #endif
| #ifdef HAVE_UNISTD_H
| # include <unistd.h>
| #endif
| #include <vfork.h>
configure:5387: result: no
configure:5387: checking vfork.h presence
configure:5387: gcc -E  conftest.c
conftest.c:48:19: error: vfork.h: No such file or directory
configure:5387: $? = 1
configure: failed program was:
| /* confdefs.h */
| #define PACKAGE_NAME "yams"
| #define PACKAGE_TARNAME "yams"
| #define PACKAGE_VERSION "1.4.0"
| #define PACKAGE_STRING "yams 1.4.0"
| #define PACKAGE_BUGREPORT "buenos@cs.hut.fi"
| #define PACKAGE_URL ""
| #define PACKAGE "yams"
| #define VERSION "1.4.0"
| #define HAVE_BRK 1
| #define STDC_HEADERS 1
| #define HAVE_SYS_TYPES_H 1
| #define HAVE_SYS_STAT_H 1
| #define HAVE_STDLIB_H 1
| #define HAVE_STRING_H 1
| #define HAVE_MEMORY_H 1
| #define HAVE_STRINGS_H 1
| #define HAVE_INTTYPES_H 1
| #define HAVE_STDINT_H 1
| #define HAVE_UNISTD_H 1
| #define HAVE_ALLOCA_H 1
| #define HAVE_ALLOCA 1
| #define HAVE_DIRENT_H 1
| #define STDC_HEADERS 1
| #define HAVE_ARPA_INET_H 1
| #define HAVE_FCNTL_H 1
| #define HAVE_INTTYPES_H 1
| #define HAVE_LIBINTL_H 1
| #define HAVE_LOCALE_H 1
| #define HAVE_MALLOC_H 1
| #define HAVE_MEMORY_H 1
| #define HAVE_NETDB_H 1
| #define HAVE_NETINET_IN_H 1
| #define HAVE_STDDEF_H 1
| #define HAVE_STDINT_H 1
| #define HAVE_STDLIB_H 1
| #define HAVE_STRING_H 1
| #define HAVE_STRINGS_H 1
| #define HAVE_SYS_FILE_H 1
| #define HAVE_SYS_PARAM_H 1
| #define HAVE_SYS_SELECT_H 1
| #define HAVE_SYS_SOCKET_H 1
| #define HAVE_SYS_TIME_H 1
| #define HAVE_TERMIOS_H 1
| #define HAVE_UNISTD_H 1
| #define TIME_WITH_SYS_TIME 1
| /* end confdefs.h.  */
| #include <vfork.h>
configure:5387: result: no
configure:5387: checking for vfork.h
configure:5387: result: no
configure:5400: checking for fork
configure:5400: gcc -o conftest -g -O2   conftest.c  >&5
conftest.c:71: warning: conflicting types for built-in function 'fork'
configure:5400: $? = 0
configure:5400: result: yes
configure:5400: checking for vfork
configure:5400: gcc -o conftest -g -O2   conftest.c  >&5
configure:5400: $? = 0
configure:5400: result: yes
configure:5411: checking for working fork
configure:5433: gcc -o conftest -g -O2   conftest.c  >&5
configure:5433: $? = 0
configure:5433: ./conftest
configure:5433: $? = 0
configure:5443: result: yes
configure:5464: checking for working vfork
configure:5574: result: yes
configure:5601: checking for stdlib.h
configure:5601: result: yes
configure:5611: checking for GNU libc compatible malloc
configure:5635: gcc -o conftest -g -O2   conftest.c  >&5
configure:5635: $? = 0
configure:5635: ./conftest
configure:5635: $? = 0
configure:5645: result: yes
configure:5666: checking for working memcmp
configure:5709: gcc -o conftest -g -O2   conftest.c  >&5
configure:5709: $? = 0
configure:5709: ./conftest
configure:5709: $? = 0
configure:5719: result: yes
configure:5730: checking for stdlib.h
configure:5730: result: yes
configure:5740: checking for GNU libc compatible realloc
configure:5764: gcc -o conftest -g -O2   conftest.c  >&5
configure:5764: $? = 0
configure:5764: ./conftest
configure:5764: $? = 0
configure:5774: result: yes
configure:5798: checking for sys/select.h
configure:5798: result: yes
configure:5798: checking for sys/socket.h
configure:5798: result: yes
configure:5809: checking types of arguments for select
configure:5837: gcc -c -g -O2  conftest.c >&5
configure:5837: $? = 0
configure:5848: result: int,fd_set *,struct timeval *
configure:5871: checking return type of signal handlers
configure:5889: gcc -c -g -O2  conftest.c >&5
conftest.c: In function 'main':
conftest.c:67: error: void value not ignored as it ought to be
configure:5889: $? = 1
configure: failed program was:
| /* confdefs.h */
| #define PACKAGE_NAME "yams"
| #define PACKAGE_TARNAME "yams"
| #define PACKAGE_VERSION "1.4.0"
| #define PACKAGE_STRING "yams 1.4.0"
| #define PACKAGE_BUGREPORT "buenos@cs.hut.fi"
| #define PACKAGE_URL ""
| #define PACKAGE "yams"
| #define VERSION "1.4.0"
| #define HAVE_BRK 1
| #define STDC_HEADERS 1
| #define HAVE_SYS_TYPES_H 1
| #define HAVE_SYS_STAT_H 1
| #define HAVE_STDLIB_H 1
| #define HAVE_STRING_H 1
| #define HAVE_MEMORY_H 1
| #define HAVE_STRINGS_H 1
| #define HAVE_INTTYPES_H 1
| #define HAVE_STDINT_H 1
| #define HAVE_UNISTD_H 1
| #define HAVE_ALLOCA_H 1
| #define HAVE_ALLOCA 1
| #define HAVE_DIRENT_H 1
| #define STDC_HEADERS 1
| #define HAVE_ARPA_INET_H 1
| #define HAVE_FCNTL_H 1
| #define HAVE_INTTYPES_H 1
| #define HAVE_LIBINTL_H 1
| #define HAVE_LOCALE_H 1
| #define HAVE_MALLOC_H 1
| #define HAVE_MEMORY_H 1
| #define HAVE_NETDB_H 1
| #define HAVE_NETINET_IN_H 1
| #define HAVE_STDDEF_H 1
| #define HAVE_STDINT_H 1
| #define HAVE_STDLIB_H 1
| #define HAVE_STRING_H 1
| #define HAVE_STRINGS_H 1
| #define HAVE_SYS_FILE_H 1
| #define HAVE_SYS_PARAM_H 1
| #define HAVE_SYS_SELECT_H 1
| #define HAVE_SYS_SOCKET_H 1
| #define HAVE_SYS_TIME_H 1
| #define HAVE_TERMIOS_H 1
| #define HAVE_UNISTD_H 1
| #define TIME_WITH_SYS_TIME 1
| #define HAVE_FORK 1
| #define HAVE_VFORK 1
| #define HAVE_WORKING_VFORK 1
| #define HAVE_WORKING_FORK 1
| #define HAVE_STDLIB_H 1
| #define HAVE_MALLOC 1
| #define HAVE_STDLIB_H 1
| #define HAVE_REALLOC 1
| #define HAVE_SYS_SELECT_H 1
| #define HAVE_SYS_SOCKET_H 1
| #define SELECT_TYPE_ARG1 int
| #define SELECT_TYPE_ARG234 (fd_set *)
| #define SELECT_TYPE_ARG5 (struct timeval *)
| /* end confdefs.h.  */
| #include <sys/types.h>
| #include <signal.h>
| 
| int
| main ()
| {
| return *(signal (0, 0)) (0) == 1;
|   ;
|   return 0;
| }
configure:5896: result: void
configure:5904: checking whether lstat correctly handles trailing slash
configure:5930: gcc -o conftest -g -O2   conftest.c  >&5
configure:5930: $? = 0
configure:5930: ./conftest
configure:5930: $? = 0
configure:5947: result: yes
configure:5966: checking whether stat accepts an empty string
configure:5986: gcc -o conftest -g -O2   conftest.c  >&5
configure:5986: $? = 0
configure:5986: ./conftest
configure:5986: $? = 0
configure:5996: result: no
configure:6015: checking for atexit
configure:6015: gcc -o conftest -g -O2   conftest.c  >&5
configure:6015: $? = 0
configure:6015: result: yes
configure:6015: checking for getcwd
configure:6015: gcc -o conftest -g -O2   conftest.c  >&5
configure:6015: $? = 0
configure:6015: result: yes
configure:6015: checking for gethostbyname
configure:6015: gcc -o conftest -g -O2   conftest.c  >&5
configure:6015: $? = 0
configure:6015: result: yes
configure:6015: checking for gettimeofday
configure:6015: gcc -o conftest -g -O2   conftest.c  >&5
configure:6015: $? = 0
configure:6015: result: yes
configure:6015: checking for inet_ntoa
configure:6015: gcc -o conftest -g -O2   conftest.c  >&5
configure:6015: $? = 0
configure:6015: result: yes
configure:6015: checking for memset
configure:6015: gcc -o conftest -g -O2   conftest.c  >&5
conftest.c:91: warning: conflicting types for built-in function 'memset'
configure:6015: $? = 0
configure:6015: result: yes
configure:6015: checking for select
configure:6015: gcc -o conftest -g -O2   conftest.c  >&5
configure:6015: $? = 0
configure:6015: result: yes
configure:6015: checking for socket
configure:6015: gcc -o conftest -g -O2   conftest.c  >&5
configure:6015: $? = 0
configure:6015: result: yes
configure:6015: checking for strcasecmp
configure:6015: gcc -o conftest -g -O2   conftest.c  >&5
conftest.c:94: warning: conflicting types for built-in function 'strcasecmp'
configure:6015: $? = 0
configure:6015: result: yes
configure:6015: checking for strdup
configure:6015: gcc -o conftest -g -O2   conftest.c  >&5
conftest.c:95: warning: conflicting types for built-in function 'strdup'
configure:6015: $? = 0
configure:6015: result: yes
configure:6015: checking for strerror
configure:6015: gcc -o conftest -g -O2   conftest.c  >&5
configure:6015: $? = 0
configure:6015: result: yes
configure:6015: checking for strtol
configure:6015: gcc -o conftest -g -O2   conftest.c  >&5
configure:6015: $? = 0
configure:6015: result: yes
configure:6055: checking for tparm in -lncurses
configure:6080: gcc -o conftest -g -O2   conftest.c -lncurses   >&5
/usr/bin/ld: cannot find -lncurses
collect2: ld returned 1 exit status
configure:6080: $? = 1
configure: failed program was:
| /* confdefs.h */
| #define PACKAGE_NAME "yams"
| #define PACKAGE_TARNAME "yams"
| #define PACKAGE_VERSION "1.4.0"
| #define PACKAGE_STRING "yams 1.4.0"
| #define PACKAGE_BUGREPORT "buenos@cs.hut.fi"
| #define PACKAGE_URL ""
| #define PACKAGE "yams"
| #define VERSION "1.4.0"
| #define HAVE_BRK 1
| #define STDC_HEADERS 1
| #define HAVE_SYS_TYPES_H 1
| #define HAVE_SYS_STAT_H 1
| #define HAVE_STDLIB_H 1
| #define HAVE_STRING_H 1
| #define HAVE_MEMORY_H 1
| #define HAVE_STRINGS_H 1
| #define HAVE_INTTYPES_H 1
| #define HAVE_STDINT_H 1
| #define HAVE_UNISTD_H 1
| #define HAVE_ALLOCA_H 1
| #define HAVE_ALLOCA 1
| #define HAVE_DIRENT_H 1
| #define STDC_HEADERS 1
| #define HAVE_ARPA_INET_H 1
| #define HAVE_FCNTL_H 1
| #define HAVE_INTTYPES_H 1
| #define HAVE_LIBINTL_H 1
| #define HAVE_LOCALE_H 1
| #define HAVE_MALLOC_H 1
| #define HAVE_MEMORY_H 1
| #define HAVE_NETDB_H 1
| #define HAVE_NETINET_IN_H 1
| #define HAVE_STDDEF_H 1
| #define HAVE_STDINT_H 1
| #define HAVE_STDLIB_H 1
| #define HAVE_STRING_H 1
| #define HAVE_STRINGS_H 1
| #define HAVE_SYS_FILE_H 1
| #define HAVE_SYS_PARAM_H 1
| #define HAVE_SYS_SELECT_H 1
| #define HAVE_SYS_SOCKET_H 1
| #define HAVE_SYS_TIME_H 1
| #define HAVE_TERMIOS_H 1
| #define HAVE_UNISTD_H 1
| #define TIME_WITH_SYS_TIME 1
| #define HAVE_FORK 1
| #define HAVE_VFORK 1
| #define HAVE_WORKING_VFORK 1
| #define HAVE_WORKING_FORK 1
| #define HAVE_STDLIB_H 1
| #define HAVE_MALLOC 1
| #define HAVE_STDLIB_H 1
| #define HAVE_REALLOC 1
| #define HAVE_SYS_SELECT_H 1
| #define HAVE_SYS_SOCKET_H 1
| #define SELECT_TYPE_ARG1 int
| #define SELECT_TYPE_ARG234 (fd_set *)
| #define SELECT_TYPE_ARG5 (struct timeval *)
| #define RETSIGTYPE void
| #define LSTAT_FOLLOWS_SLASHED_SYMLINK 1
| #define HAVE_ATEXIT 1
| #define HAVE_GETCWD 1
| #define HAVE_GETHOSTBYNAME 1
| #define HAVE_GETTIMEOFDAY 1
| #define HAVE_INET_NTOA 1
| #define HAVE_MEMSET 1
| #define HAVE_SELECT 1
| #define HAVE_SOCKET 1
| #define HAVE_STRCASECMP 1
| #define HAVE_STRDUP 1
| #define HAVE_STRERROR 1
| #define HAVE_STRTOL 1
| /* end confdefs.h.  */
| 
| /* Override any GCC internal prototype to avoid an error.
|    Use char because int might match the return type of a GCC
|    builtin and then its argument prototype would still apply.  */
| #ifdef __cplusplus
| extern "C"
| #endif
| char tparm ();
| int
| main ()
| {
| return tparm ();
|   ;
|   return 0;
| }
configure:6089: result: no
configure:6094: checking for tgetent in -ltermcap
configure:6119: gcc -o conftest -g -O2   conftest.c -ltermcap   >&5
/usr/bin/ld: cannot find -ltermcap
collect2: ld returned 1 exit status
configure:6119: $? = 1
configure: failed program was:
| /* confdefs.h */
| #define PACKAGE_NAME "yams"
| #define PACKAGE_TARNAME "yams"
| #define PACKAGE_VERSION "1.4.0"
| #define PACKAGE_STRING "yams 1.4.0"
| #define PACKAGE_BUGREPORT "buenos@cs.hut.fi"
| #define PACKAGE_URL ""
| #define PACKAGE "yams"
| #define VERSION "1.4.0"
| #define HAVE_BRK 1
| #define STDC_HEADERS 1
| #define HAVE_SYS_TYPES_H 1
| #define HAVE_SYS_STAT_H 1
| #define HAVE_STDLIB_H 1
| #define HAVE_STRING_H 1
| #define HAVE_MEMORY_H 1
| #define HAVE_STRINGS_H 1
| #define HAVE_INTTYPES_H 1
| #define HAVE_STDINT_H 1
| #define HAVE_UNISTD_H 1
| #define HAVE_ALLOCA_H 1
| #define HAVE_ALLOCA 1
| #define HAVE_DIRENT_H 1
| #define STDC_HEADERS 1
| #define HAVE_ARPA_INET_H 1
| #define HAVE_FCNTL_H 1
| #define HAVE_INTTYPES_H 1
| #define HAVE_LIBINTL_H 1
| #define HAVE_LOCALE_H 1
| #define HAVE_MALLOC_H 1
| #define HAVE_MEMORY_H 1
| #define HAVE_NETDB_H 1
| #define HAVE_NETINET_IN_H 1
| #define HAVE_STDDEF_H 1
| #define HAVE_STDINT_H 1
| #define HAVE_STDLIB_H 1
| #define HAVE_STRING_H 1
| #define HAVE_STRINGS_H 1
| #define HAVE_SYS_FILE_H 1
| #define HAVE_SYS_PARAM_H 1
| #define HAVE_SYS_SELECT_H 1
| #define HAVE_SYS_SOCKET_H 1
| #define HAVE_SYS_TIME_H 1
| #define HAVE_TERMIOS_H 1
| #define HAVE_UNISTD_H 1
| #define TIME_WITH_SYS_TIME 1
| #define HAVE_FORK 1
| #define HAVE_VFORK 1
| #define HAVE_WORKING_VFORK 1
| #define HAVE_WORKING_FORK 1
| #define HAVE_STDLIB_H 1
| #define HAVE_MALLOC 1
| #define HAVE_STDLIB_H 1
| #define HAVE_REALLOC 1
| #define HAVE_SYS_SELECT_H 1
| #define HAVE_SYS_SOCKET_H 1
| #define SELECT_TYPE_ARG1 int
| #define SELECT_TYPE_ARG234 (fd_set *)
| #define SELECT_TYPE_ARG5 (struct timeval *)
| #define RETSIGTYPE void
| #define LSTAT_FOLLOWS_SLASHED_SYMLINK 1
| #define HAVE_ATEXIT 1
| #define HAVE_GETCWD 1
| #define HAVE_GETHOSTBYNAME 1
| #define HAVE_GETTIMEOFDAY 1
| #define HAVE_INET_NTOA 1
| #define HAVE_MEMSET 1
| #define HAVE_SELECT 1
| #define HAVE_SOCKET 1
| #define HAVE_STRCASECMP 1
| #define HAVE_STRDUP 1
| #define HAVE_STRERROR 1
| #define HAVE_STRTOL 1
| /* end confdefs.h.  */
| 
| /* Override any GCC internal prototype to avoid an error.
|    Use char because int might match the return type of a GCC
|    builtin and then its argument prototype would still apply.  */
| #ifdef __cplusplus
| extern "C"
| #endif
| char tgetent ();
| int
| main ()
| {
| return tgetent ();
|   ;
|   return 0;
| }
configure:6128: result: no
configure:6137: checking for readline in -lreadline
configure:6162: gcc -o conftest -g -O2    conftest.c -lreadline   >&5
/usr/bin/ld: cannot find -lreadline
collect2: ld returned 1 exit status
configure:6162: $? = 1
configure: failed program was:
| /* confdefs.h */
| #define PACKAGE_NAME "yams"
| #define PACKAGE_TARNAME "yams"
| #define PACKAGE_VERSION "1.4.0"
| #define PACKAGE_STRING "yams 1.4.0"
| #define PACKAGE_BUGREPORT "buenos@cs.hut.fi"
| #define PACKAGE_URL ""
| #define PACKAGE "yams"
| #define VERSION "1.4.0"
| #define HAVE_BRK 1
| #define STDC_HEADERS 1
| #define HAVE_SYS_TYPES_H 1
| #define HAVE_SYS_STAT_H 1
| #define HAVE_STDLIB_H 1
| #define HAVE_STRING_H 1
| #define HAVE_MEMORY_H 1
| #define HAVE_STRINGS_H 1
| #define HAVE_INTTYPES_H 1
| #define HAVE_STDINT_H 1
| #define HAVE_UNISTD_H 1
| #define HAVE_ALLOCA_H 1
| #define HAVE_ALLOCA 1
| #define HAVE_DIRENT_H 1
| #define STDC_HEADERS 1
| #define HAVE_ARPA_INET_H 1
| #define HAVE_FCNTL_H 1
| #define HAVE_INTTYPES_H 1
| #define HAVE_LIBINTL_H 1
| #define HAVE_LOCALE_H 1
| #define HAVE_MALLOC_H 1
| #define HAVE_MEMORY_H 1
| #define HAVE_NETDB_H 1
| #define HAVE_NETINET_IN_H 1
| #define HAVE_STDDEF_H 1
| #define HAVE_STDINT_H 1
| #define HAVE_STDLIB_H 1
| #define HAVE_STRING_H 1
| #define HAVE_STRINGS_H 1
| #define HAVE_SYS_FILE_H 1
| #define HAVE_SYS_PARAM_H 1
| #define HAVE_SYS_SELECT_H 1
| #define HAVE_SYS_SOCKET_H 1
| #define HAVE_SYS_TIME_H 1
| #define HAVE_TERMIOS_H 1
| #define HAVE_UNISTD_H 1
| #define TIME_WITH_SYS_TIME 1
| #define HAVE_FORK 1
| #define HAVE_VFORK 1
| #define HAVE_WORKING_VFORK 1
| #define HAVE_WORKING_FORK 1
| #define HAVE_STDLIB_H 1
| #define HAVE_MALLOC 1
| #define HAVE_STDLIB_H 1
| #define HAVE_REALLOC 1
| #define HAVE_SYS_SELECT_H 1
| #define HAVE_SYS_SOCKET_H 1
| #define SELECT_TYPE_ARG1 int
| #define SELECT_TYPE_ARG234 (fd_set *)
| #define SELECT_TYPE_ARG5 (struct timeval *)
| #define RETSIGTYPE void
| #define LSTAT_FOLLOWS_SLASHED_SYMLINK 1
| #define HAVE_ATEXIT 1
| #define HAVE_GETCWD 1
| #define HAVE_GETHOSTBYNAME 1
| #define HAVE_GETTIMEOFDAY 1
| #define HAVE_INET_NTOA 1
| #define HAVE_MEMSET 1
| #define HAVE_SELECT 1
| #define HAVE_SOCKET 1
| #define HAVE_STRCASECMP 1
| #define HAVE_STRDUP 1
| #define HAVE_STRERROR 1
| #define HAVE_STRTOL 1
| /* end confdefs.h.  */
| 
| /* Override any GCC internal prototype to avoid an error.
|    Use char because int might match the return type of a GCC
|    builtin and then its argument prototype would still apply.  */
| #ifdef __cplusplus
| extern "C"
| #endif
| char readline ();
| int
| main ()
| {
| return readline ();
|   ;
|   return 0;
| }
configure:6171: result: no
configure:6193: No readline library found.
configure:6234: checking build system type
configure:6248: result: i686-pc-linux-gnu
configure:6268: checking host system type
configure:6281: result: i686-pc-linux-gnu
configure:6466: checking for the pthreads library -lpthreads
configure:6499: gcc -o conftest -g -O2    conftest.c -lpthreads  >&5
/usr/bin/ld: cannot find -lpthreads
collect2: ld returned 1 exit status
configure:6499: $? = 1
configure: failed program was:
| /* confdefs.h */
| #define PACKAGE_NAME "yams"
| #define PACKAGE_TARNAME "yams"
| #define PACKAGE_VERSION "1.4.0"
| #define PACKAGE_STRING "yams 1.4.0"
| #define PACKAGE_BUGREPORT "buenos@cs.hut.fi"
| #define PACKAGE_URL ""
| #define PACKAGE "yams"
| #define VERSION "1.4.0"
| #define HAVE_BRK 1
| #define STDC_HEADERS 1
| #define HAVE_SYS_TYPES_H 1
| #define HAVE_SYS_STAT_H 1
| #define HAVE_STDLIB_H 1
| #define HAVE_STRING_H 1
| #define HAVE_MEMORY_H 1
| #define HAVE_STRINGS_H 1
| #define HAVE_INTTYPES_H 1
| #define HAVE_STDINT_H 1
| #define HAVE_UNISTD_H 1
| #define HAVE_ALLOCA_H 1
| #define HAVE_ALLOCA 1
| #define HAVE_DIRENT_H 1
| #define STDC_HEADERS 1
| #define HAVE_ARPA_INET_H 1
| #define HAVE_FCNTL_H 1
| #define HAVE_INTTYPES_H 1
| #define HAVE_LIBINTL_H 1
| #define HAVE_LOCALE_H 1
| #define HAVE_MALLOC_H 1
| #define HAVE_MEMORY_H 1
| #define HAVE_NETDB_H 1
| #define HAVE_NETINET_IN_H 1
| #define HAVE_STDDEF_H 1
| #define HAVE_STDINT_H 1
| #define HAVE_STDLIB_H 1
| #define HAVE_STRING_H 1
| #define HAVE_STRINGS_H 1
| #define HAVE_SYS_FILE_H 1
| #define HAVE_SYS_PARAM_H 1
| #define HAVE_SYS_SELECT_H 1
| #define HAVE_SYS_SOCKET_H 1
| #define HAVE_SYS_TIME_H 1
| #define HAVE_TERMIOS_H 1
| #define HAVE_UNISTD_H 1
| #define TIME_WITH_SYS_TIME 1
| #define HAVE_FORK 1
| #define HAVE_VFORK 1
| #define HAVE_WORKING_VFORK 1
| #define HAVE_WORKING_FORK 1
| #define HAVE_STDLIB_H 1
| #define HAVE_MALLOC 1
| #define HAVE_STDLIB_H 1
| #define HAVE_REALLOC 1
| #define HAVE_SYS_SELECT_H 1
| #define HAVE_SYS_SOCKET_H 1
| #define SELECT_TYPE_ARG1 int
| #define SELECT_TYPE_ARG234 (fd_set *)
| #define SELECT_TYPE_ARG5 (struct timeval *)
| #define RETSIGTYPE void
| #define LSTAT_FOLLOWS_SLASHED_SYMLINK 1
| #define HAVE_ATEXIT 1
| #define HAVE_GETCWD 1
| #define HAVE_GETHOSTBYNAME 1
| #define HAVE_GETTIMEOFDAY 1
| #define HAVE_INET_NTOA 1
| #define HAVE_MEMSET 1
| #define HAVE_SELECT 1
| #define HAVE_SOCKET 1
| #define HAVE_STRCASECMP 1
| #define HAVE_STRDUP 1
| #define HAVE_STRERROR 1
| #define HAVE_STRTOL 1
| /* end confdefs.h.  */
| #include <pthread.h>
| int
| main ()
| {
| pthread_t th; pthread_join(th, 0);
|                      pthread_attr_init(0); pthread_cleanup_push(0, 0);
|                      pthread_create(0,0,0,0); pthread_cleanup_pop(0);
|   ;
|   return 0;
| }
configure:6508: result: no
configure:6411: checking whether pthreads work without any flags
configure:6499: gcc -o conftest -g -O2    conftest.c   >&5
/tmp/cc4ci5RK.o: In function `main':
/home/malte/Dropbox/OSM/yams/conftest.c:79: undefined reference to `pthread_join'
/home/malte/Dropbox/OSM/yams/conftest.c:80: undefined reference to `__pthread_register_cancel'
/home/malte/Dropbox/OSM/yams/conftest.c:81: undefined reference to `pthread_create'
/home/malte/Dropbox/OSM/yams/conftest.c:81: undefined reference to `__pthread_unregister_cancel'
collect2: ld returned 1 exit status
configure:6499: $? = 1
configure: failed program was:
| /* confdefs.h */
| #define PACKAGE_NAME "yams"
| #define PACKAGE_TARNAME "yams"
| #define PACKAGE_VERSION "1.4.0"
| #define PACKAGE_STRING "yams 1.4.0"
| #define PACKAGE_BUGREPORT "buenos@cs.hut.fi"
| #define PACKAGE_URL ""
| #define PACKAGE "yams"
| #define VERSION "1.4.0"
| #define HAVE_BRK 1
| #define STDC_HEADERS 1
| #define HAVE_SYS_TYPES_H 1
| #define HAVE_SYS_STAT_H 1
| #define HAVE_STDLIB_H 1
| #define HAVE_STRING_H 1
| #define HAVE_MEMORY_H 1
| #define HAVE_STRINGS_H 1
| #define HAVE_INTTYPES_H 1
| #define HAVE_STDINT_H 1
| #define HAVE_UNISTD_H 1
| #define HAVE_ALLOCA_H 1
| #define HAVE_ALLOCA 1
| #define HAVE_DIRENT_H 1
| #define STDC_HEADERS 1
| #define HAVE_ARPA_INET_H 1
| #define HAVE_FCNTL_H 1
| #define HAVE_INTTYPES_H 1
| #define HAVE_LIBINTL_H 1
| #define HAVE_LOCALE_H 1
| #define HAVE_MALLOC_H 1
| #define HAVE_MEMORY_H 1
| #define HAVE_NETDB_H 1
| #define HAVE_NETINET_IN_H 1
| #define HAVE_STDDEF_H 1
| #define HAVE_STDINT_H 1
| #define HAVE_STDLIB_H 1
| #define HAVE_STRING_H 1
| #define HAVE_STRINGS_H 1
| #define HAVE_SYS_FILE_H 1
| #define HAVE_SYS_PARAM_H 1
| #define HAVE_SYS_SELECT_H 1
| #define HAVE_SYS_SOCKET_H 1
| #define HAVE_SYS_TIME_H 1
| #define HAVE_TERMIOS_H 1
| #define HAVE_UNISTD_H 1
| #define TIME_WITH_SYS_TIME 1
| #define HAVE_FORK 1
| #define HAVE_VFORK 1
| #define HAVE_WORKING_VFORK 1
| #define HAVE_WORKING_FORK 1
| #define HAVE_STDLIB_H 1
| #define HAVE_MALLOC 1
| #define HAVE_STDLIB_H 1
| #define HAVE_REALLOC 1
| #define HAVE_SYS_SELECT_H 1
| #define HAVE_SYS_SOCKET_H 1
| #define SELECT_TYPE_ARG1 int
| #define SELECT_TYPE_ARG234 (fd_set *)
| #define SELECT_TYPE_ARG5 (struct timeval *)
| #define RETSIGTYPE void
| #define LSTAT_FOLLOWS_SLASHED_SYMLINK 1
| #define HAVE_ATEXIT 1
| #define HAVE_GETCWD 1
| #define HAVE_GETHOSTBYNAME 1
| #define HAVE_GETTIMEOFDAY 1
| #define HAVE_INET_NTOA 1
| #define HAVE_MEMSET 1
| #define HAVE_SELECT 1
| #define HAVE_SOCKET 1
| #define HAVE_STRCASECMP 1
| #define HAVE_STRDUP 1
| #define HAVE_STRERROR 1
| #define HAVE_STRTOL 1
| /* end confdefs.h.  */
| #include <pthread.h>
| int
| main ()
| {
| pthread_t th; pthread_join(th, 0);
|                      pthread_attr_init(0); pthread_cleanup_push(0, 0);
|                      pthread_create(0,0,0,0); pthread_cleanup_pop(0);
|   ;
|   return 0;
| }
configure:6508: result: no
configure:6416: checking whether pthreads work with -Kthread
configure:6499: gcc -o conftest -g -O2 -Kthread   conftest.c   >&5
gcc: unrecognized option '-Kthread'
/tmp/ccewTaD9.o: In function `main':
/home/malte/Dropbox/OSM/yams/conftest.c:79: undefined reference to `pthread_join'
/home/malte/Dropbox/OSM/yams/conftest.c:80: undefined reference to `__pthread_register_cancel'
/home/malte/Dropbox/OSM/yams/conftest.c:81: undefined reference to `pthread_create'
/home/malte/Dropbox/OSM/yams/conftest.c:81: undefined reference to `__pthread_unregister_cancel'
collect2: ld returned 1 exit status
configure:6499: $? = 1
configure: failed program was:
| /* confdefs.h */
| #define PACKAGE_NAME "yams"
| #define PACKAGE_TARNAME "yams"
| #define PACKAGE_VERSION "1.4.0"
| #define PACKAGE_STRING "yams 1.4.0"
| #define PACKAGE_BUGREPORT "buenos@cs.hut.fi"
| #define PACKAGE_URL ""
| #define PACKAGE "yams"
| #define VERSION "1.4.0"
| #define HAVE_BRK 1
| #define STDC_HEADERS 1
| #define HAVE_SYS_TYPES_H 1
| #define HAVE_SYS_STAT_H 1
| #define HAVE_STDLIB_H 1
| #define HAVE_STRING_H 1
| #define HAVE_MEMORY_H 1
| #define HAVE_STRINGS_H 1
| #define HAVE_INTTYPES_H 1
| #define HAVE_STDINT_H 1
| #define HAVE_UNISTD_H 1
| #define HAVE_ALLOCA_H 1
| #define HAVE_ALLOCA 1
| #define HAVE_DIRENT_H 1
| #define STDC_HEADERS 1
| #define HAVE_ARPA_INET_H 1
| #define HAVE_FCNTL_H 1
| #define HAVE_INTTYPES_H 1
| #define HAVE_LIBINTL_H 1
| #define HAVE_LOCALE_H 1
| #define HAVE_MALLOC_H 1
| #define HAVE_MEMORY_H 1
| #define HAVE_NETDB_H 1
| #define HAVE_NETINET_IN_H 1
| #define HAVE_STDDEF_H 1
| #define HAVE_STDINT_H 1
| #define HAVE_STDLIB_H 1
| #define HAVE_STRING_H 1
| #define HAVE_STRINGS_H 1
| #define HAVE_SYS_FILE_H 1
| #define HAVE_SYS_PARAM_H 1
| #define HAVE_SYS_SELECT_H 1
| #define HAVE_SYS_SOCKET_H 1
| #define HAVE_SYS_TIME_H 1
| #define HAVE_TERMIOS_H 1
| #define HAVE_UNISTD_H 1
| #define TIME_WITH_SYS_TIME 1
| #define HAVE_FORK 1
| #define HAVE_VFORK 1
| #define HAVE_WORKING_VFORK 1
| #define HAVE_WORKING_FORK 1
| #define HAVE_STDLIB_H 1
| #define HAVE_MALLOC 1
| #define HAVE_STDLIB_H 1
| #define HAVE_REALLOC 1
| #define HAVE_SYS_SELECT_H 1
| #define HAVE_SYS_SOCKET_H 1
| #define SELECT_TYPE_ARG1 int
| #define SELECT_TYPE_ARG234 (fd_set *)
| #define SELECT_TYPE_ARG5 (struct timeval *)
| #define RETSIGTYPE void
| #define LSTAT_FOLLOWS_SLASHED_SYMLINK 1
| #define HAVE_ATEXIT 1
| #define HAVE_GETCWD 1
| #define HAVE_GETHOSTBYNAME 1
| #define HAVE_GETTIMEOFDAY 1
| #define HAVE_INET_NTOA 1
| #define HAVE_MEMSET 1
| #define HAVE_SELECT 1
| #define HAVE_SOCKET 1
| #define HAVE_STRCASECMP 1
| #define HAVE_STRDUP 1
| #define HAVE_STRERROR 1
| #define HAVE_STRTOL 1
| /* end confdefs.h.  */
| #include <pthread.h>
| int
| main ()
| {
| pthread_t th; pthread_join(th, 0);
|                      pthread_attr_init(0); pthread_cleanup_push(0, 0);
|                      pthread_create(0,0,0,0); pthread_cleanup_pop(0);
|   ;
|   return 0;
| }
configure:6508: result: no
configure:6416: checking whether pthreads work with -kthread
configure:6499: gcc -o conftest -g -O2 -kthread   conftest.c   >&5
gcc: unrecognized option '-kthread'
/tmp/ccOCOpvv.o: In function `main':
/home/malte/Dropbox/OSM/yams/conftest.c:79: undefined reference to `pthread_join'
/home/malte/Dropbox/OSM/yams/conftest.c:80: undefined reference to `__pthread_register_cancel'
/home/malte/Dropbox/OSM/yams/conftest.c:81: undefined reference to `pthread_create'
/home/malte/Dropbox/OSM/yams/conftest.c:81: undefined reference to `__pthread_unregister_cancel'
collect2: ld returned 1 exit status
configure:6499: $? = 1
configure: failed program was:
| /* confdefs.h */
| #define PACKAGE_NAME "yams"
| #define PACKAGE_TARNAME "yams"
| #define PACKAGE_VERSION "1.4.0"
| #define PACKAGE_STRING "yams 1.4.0"
| #define PACKAGE_BUGREPORT "buenos@cs.hut.fi"
| #define PACKAGE_URL ""
| #define PACKAGE "yams"
| #define VERSION "1.4.0"
| #define HAVE_BRK 1
| #define STDC_HEADERS 1
| #define HAVE_SYS_TYPES_H 1
| #define HAVE_SYS_STAT_H 1
| #define HAVE_STDLIB_H 1
| #define HAVE_STRING_H 1
| #define HAVE_MEMORY_H 1
| #define HAVE_STRINGS_H 1
| #define HAVE_INTTYPES_H 1
| #define HAVE_STDINT_H 1
| #define HAVE_UNISTD_H 1
| #define HAVE_ALLOCA_H 1
| #define HAVE_ALLOCA 1
| #define HAVE_DIRENT_H 1
| #define STDC_HEADERS 1
| #define HAVE_ARPA_INET_H 1
| #define HAVE_FCNTL_H 1
| #define HAVE_INTTYPES_H 1
| #define HAVE_LIBINTL_H 1
| #define HAVE_LOCALE_H 1
| #define HAVE_MALLOC_H 1
| #define HAVE_MEMORY_H 1
| #define HAVE_NETDB_H 1
| #define HAVE_NETINET_IN_H 1
| #define HAVE_STDDEF_H 1
| #define HAVE_STDINT_H 1
| #define HAVE_STDLIB_H 1
| #define HAVE_STRING_H 1
| #define HAVE_STRINGS_H 1
| #define HAVE_SYS_FILE_H 1
| #define HAVE_SYS_PARAM_H 1
| #define HAVE_SYS_SELECT_H 1
| #define HAVE_SYS_SOCKET_H 1
| #define HAVE_SYS_TIME_H 1
| #define HAVE_TERMIOS_H 1
| #define HAVE_UNISTD_H 1
| #define TIME_WITH_SYS_TIME 1
| #define HAVE_FORK 1
| #define HAVE_VFORK 1
| #define HAVE_WORKING_VFORK 1
| #define HAVE_WORKING_FORK 1
| #define HAVE_STDLIB_H 1
| #define HAVE_MALLOC 1
| #define HAVE_STDLIB_H 1
| #define HAVE_REALLOC 1
| #define HAVE_SYS_SELECT_H 1
| #define HAVE_SYS_SOCKET_H 1
| #define SELECT_TYPE_ARG1 int
| #define SELECT_TYPE_ARG234 (fd_set *)
| #define SELECT_TYPE_ARG5 (struct timeval *)
| #define RETSIGTYPE void
| #define LSTAT_FOLLOWS_SLASHED_SYMLINK 1
| #define HAVE_ATEXIT 1
| #define HAVE_GETCWD 1
| #define HAVE_GETHOSTBYNAME 1
| #define HAVE_GETTIMEOFDAY 1
| #define HAVE_INET_NTOA 1
| #define HAVE_MEMSET 1
| #define HAVE_SELECT 1
| #define HAVE_SOCKET 1
| #define HAVE_STRCASECMP 1
| #define HAVE_STRDUP 1
| #define HAVE_STRERROR 1
| #define HAVE_STRTOL 1
| /* end confdefs.h.  */
| #include <pthread.h>
| int
| main ()
| {
| pthread_t th; pthread_join(th, 0);
|                      pthread_attr_init(0); pthread_cleanup_push(0, 0);
|                      pthread_create(0,0,0,0); pthread_cleanup_pop(0);
|   ;
|   return 0;
| }
configure:6508: result: no
configure:6466: checking for the pthreads library -llthread
configure:6499: gcc -o conftest -g -O2    conftest.c -llthread  >&5
/usr/bin/ld: cannot find -llthread
collect2: ld returned 1 exit status
configure:6499: $? = 1
configure: failed program was:
| /* confdefs.h */
| #define PACKAGE_NAME "yams"
| #define PACKAGE_TARNAME "yams"
| #define PACKAGE_VERSION "1.4.0"
| #define PACKAGE_STRING "yams 1.4.0"
| #define PACKAGE_BUGREPORT "buenos@cs.hut.fi"
| #define PACKAGE_URL ""
| #define PACKAGE "yams"
| #define VERSION "1.4.0"
| #define HAVE_BRK 1
| #define STDC_HEADERS 1
| #define HAVE_SYS_TYPES_H 1
| #define HAVE_SYS_STAT_H 1
| #define HAVE_STDLIB_H 1
| #define HAVE_STRING_H 1
| #define HAVE_MEMORY_H 1
| #define HAVE_STRINGS_H 1
| #define HAVE_INTTYPES_H 1
| #define HAVE_STDINT_H 1
| #define HAVE_UNISTD_H 1
| #define HAVE_ALLOCA_H 1
| #define HAVE_ALLOCA 1
| #define HAVE_DIRENT_H 1
| #define STDC_HEADERS 1
| #define HAVE_ARPA_INET_H 1
| #define HAVE_FCNTL_H 1
| #define HAVE_INTTYPES_H 1
| #define HAVE_LIBINTL_H 1
| #define HAVE_LOCALE_H 1
| #define HAVE_MALLOC_H 1
| #define HAVE_MEMORY_H 1
| #define HAVE_NETDB_H 1
| #define HAVE_NETINET_IN_H 1
| #define HAVE_STDDEF_H 1
| #define HAVE_STDINT_H 1
| #define HAVE_STDLIB_H 1
| #define HAVE_STRING_H 1
| #define HAVE_STRINGS_H 1
| #define HAVE_SYS_FILE_H 1
| #define HAVE_SYS_PARAM_H 1
| #define HAVE_SYS_SELECT_H 1
| #define HAVE_SYS_SOCKET_H 1
| #define HAVE_SYS_TIME_H 1
| #define HAVE_TERMIOS_H 1
| #define HAVE_UNISTD_H 1
| #define TIME_WITH_SYS_TIME 1
| #define HAVE_FORK 1
| #define HAVE_VFORK 1
| #define HAVE_WORKING_VFORK 1
| #define HAVE_WORKING_FORK 1
| #define HAVE_STDLIB_H 1
| #define HAVE_MALLOC 1
| #define HAVE_STDLIB_H 1
| #define HAVE_REALLOC 1
| #define HAVE_SYS_SELECT_H 1
| #define HAVE_SYS_SOCKET_H 1
| #define SELECT_TYPE_ARG1 int
| #define SELECT_TYPE_ARG234 (fd_set *)
| #define SELECT_TYPE_ARG5 (struct timeval *)
| #define RETSIGTYPE void
| #define LSTAT_FOLLOWS_SLASHED_SYMLINK 1
| #define HAVE_ATEXIT 1
| #define HAVE_GETCWD 1
| #define HAVE_GETHOSTBYNAME 1
| #define HAVE_GETTIMEOFDAY 1
| #define HAVE_INET_NTOA 1
| #define HAVE_MEMSET 1
| #define HAVE_SELECT 1
| #define HAVE_SOCKET 1
| #define HAVE_STRCASECMP 1
| #define HAVE_STRDUP 1
| #define HAVE_STRERROR 1
| #define HAVE_STRTOL 1
| /* end confdefs.h.  */
| #include <pthread.h>
| int
| main ()
| {
| pthread_t th; pthread_join(th, 0);
|                      pthread_attr_init(0); pthread_cleanup_push(0, 0);
|                      pthread_create(0,0,0,0); pthread_cleanup_pop(0);
|   ;
|   return 0;
| }
configure:6508: result: no
configure:6416: checking whether pthreads work with -pthread
configure:6499: gcc -o conftest -g -O2 -pthread   conftest.c   >&5
configure:6499: $? = 0
configure:6508: result: yes
configure:6527: checking for joinable pthread attribute
configure:6542: gcc -o conftest -g -O2 -pthread   conftest.c   >&5
configure:6542: $? = 0
configure:6548: result: PTHREAD_CREATE_JOINABLE
configure:6558: checking if more special flags are required for pthreads
configure:6565: result: no
configure:6577: checking for cc_r
configure:6605: result: gcc
configure:6639: checking pthread.h usability
configure:6639: gcc -c -pthread -g -O2  conftest.c >&5
configure:6639: $? = 0
configure:6639: result: yes
configure:6639: checking pthread.h presence
configure:6639: gcc -E  conftest.c
configure:6639: $? = 0
configure:6639: result: yes
configure:6639: checking for pthread.h
configure:6639: result: yes
configure:6649: checking semaphore.h usability
configure:6649: gcc -c -pthread -g -O2  conftest.c >&5
configure:6649: $? = 0
configure:6649: result: yes
configure:6649: checking semaphore.h presence
configure:6649: gcc -E  conftest.c
configure:6649: $? = 0
configure:6649: result: yes
configure:6649: checking for semaphore.h
configure:6649: result: yes
configure:6652: checking for sem_init
configure:6652: gcc -o conftest -pthread -g -O2   conftest.c   >&5
configure:6652: $? = 0
configure:6652: result: yes
configure:6703: checking that sem_init actually works
configure:6713: result: yes
configure:6722: found POSIX semaphores
configure:6735: Using POSIX threads for input polling
configure:6787: checking for long long
configure:6787: gcc -c -g -O2  conftest.c >&5
configure:6787: $? = 0
configure:6787: gcc -c -g -O2  conftest.c >&5
conftest.c: In function 'main':
conftest.c:112: error: expected expression before ')' token
configure:6787: $? = 1
configure: failed program was:
| /* confdefs.h */
| #define PACKAGE_NAME "yams"
| #define PACKAGE_TARNAME "yams"
| #define PACKAGE_VERSION "1.4.0"
| #define PACKAGE_STRING "yams 1.4.0"
| #define PACKAGE_BUGREPORT "buenos@cs.hut.fi"
| #define PACKAGE_URL ""
| #define PACKAGE "yams"
| #define VERSION "1.4.0"
| #define HAVE_BRK 1
| #define STDC_HEADERS 1
| #define HAVE_SYS_TYPES_H 1
| #define HAVE_SYS_STAT_H 1
| #define HAVE_STDLIB_H 1
| #define HAVE_STRING_H 1
| #define HAVE_MEMORY_H 1
| #define HAVE_STRINGS_H 1
| #define HAVE_INTTYPES_H 1
| #define HAVE_STDINT_H 1
| #define HAVE_UNISTD_H 1
| #define HAVE_ALLOCA_H 1
| #define HAVE_ALLOCA 1
| #define HAVE_DIRENT_H 1
| #define STDC_HEADERS 1
| #define HAVE_ARPA_INET_H 1
| #define HAVE_FCNTL_H 1
| #define HAVE_INTTYPES_H 1
| #define HAVE_LIBINTL_H 1
| #define HAVE_LOCALE_H 1
| #define HAVE_MALLOC_H 1
| #define HAVE_MEMORY_H 1
| #define HAVE_NETDB_H 1
| #define HAVE_NETINET_IN_H 1
| #define HAVE_STDDEF_H 1
| #define HAVE_STDINT_H 1
| #define HAVE_STDLIB_H 1
| #define HAVE_STRING_H 1
| #define HAVE_STRINGS_H 1
| #define HAVE_SYS_FILE_H 1
| #define HAVE_SYS_PARAM_H 1
| #define HAVE_SYS_SELECT_H 1
| #define HAVE_SYS_SOCKET_H 1
| #define HAVE_SYS_TIME_H 1
| #define HAVE_TERMIOS_H 1
| #define HAVE_UNISTD_H 1
| #define TIME_WITH_SYS_TIME 1
| #define HAVE_FORK 1
| #define HAVE_VFORK 1
| #define HAVE_WORKING_VFORK 1
| #define HAVE_WORKING_FORK 1
| #define HAVE_STDLIB_H 1
| #define HAVE_MALLOC 1
| #define HAVE_STDLIB_H 1
| #define HAVE_REALLOC 1
| #define HAVE_SYS_SELECT_H 1
| #define HAVE_SYS_SOCKET_H 1
| #define SELECT_TYPE_ARG1 int
| #define SELECT_TYPE_ARG234 (fd_set *)
| #define SELECT_TYPE_ARG5 (struct timeval *)
| #define RETSIGTYPE void
| #define LSTAT_FOLLOWS_SLASHED_SYMLINK 1
| #define HAVE_ATEXIT 1
| #define HAVE_GETCWD 1
| #define HAVE_GETHOSTBYNAME 1
| #define HAVE_GETTIMEOFDAY 1
| #define HAVE_INET_NTOA 1
| #define HAVE_MEMSET 1
| #define HAVE_SELECT 1
| #define HAVE_SOCKET 1
| #define HAVE_STRCASECMP 1
| #define HAVE_STRDUP 1
| #define HAVE_STRERROR 1
| #define HAVE_STRTOL 1
| #define POLLING_PTHREAD 1
| /* end confdefs.h.  */
| #include <stdio.h>
| #ifdef HAVE_SYS_TYPES_H
| # include <sys/types.h>
| #endif
| #ifdef HAVE_SYS_STAT_H
| # include <sys/stat.h>
| #endif
| #ifdef STDC_HEADERS
| # include <stdlib.h>
| # include <stddef.h>
| #else
| # ifdef HAVE_STDLIB_H
| #  include <stdlib.h>
| # endif
| #endif
| #ifdef HAVE_STRING_H
| # if !defined STDC_HEADERS && defined HAVE_MEMORY_H
| #  include <memory.h>
| # endif
| # include <string.h>
| #endif
| #ifdef HAVE_STRINGS_H
| # include <strings.h>
| #endif
| #ifdef HAVE_INTTYPES_H
| # include <inttypes.h>
| #endif
| #ifdef HAVE_STDINT_H
| # include <stdint.h>
| #endif
| #ifdef HAVE_UNISTD_H
| # include <unistd.h>
| #endif
| int
| main ()
| {
| if (sizeof ((long long)))
| 	    return 0;
|   ;
|   return 0;
| }
configure:6787: result: yes
configure:6797: creating integer formatting macros
configure:6804: checking whether byte ordering is bigendian
configure:6819: gcc -c -g -O2  conftest.c >&5
conftest.c:78: error: expected '=', ',', ';', 'asm' or '__attribute__' before 'a'
configure:6819: $? = 1
configure: failed program was:
| /* confdefs.h */
| #define PACKAGE_NAME "yams"
| #define PACKAGE_TARNAME "yams"
| #define PACKAGE_VERSION "1.4.0"
| #define PACKAGE_STRING "yams 1.4.0"
| #define PACKAGE_BUGREPORT "buenos@cs.hut.fi"
| #define PACKAGE_URL ""
| #define PACKAGE "yams"
| #define VERSION "1.4.0"
| #define HAVE_BRK 1
| #define STDC_HEADERS 1
| #define HAVE_SYS_TYPES_H 1
| #define HAVE_SYS_STAT_H 1
| #define HAVE_STDLIB_H 1
| #define HAVE_STRING_H 1
| #define HAVE_MEMORY_H 1
| #define HAVE_STRINGS_H 1
| #define HAVE_INTTYPES_H 1
| #define HAVE_STDINT_H 1
| #define HAVE_UNISTD_H 1
| #define HAVE_ALLOCA_H 1
| #define HAVE_ALLOCA 1
| #define HAVE_DIRENT_H 1
| #define STDC_HEADERS 1
| #define HAVE_ARPA_INET_H 1
| #define HAVE_FCNTL_H 1
| #define HAVE_INTTYPES_H 1
| #define HAVE_LIBINTL_H 1
| #define HAVE_LOCALE_H 1
| #define HAVE_MALLOC_H 1
| #define HAVE_MEMORY_H 1
| #define HAVE_NETDB_H 1
| #define HAVE_NETINET_IN_H 1
| #define HAVE_STDDEF_H 1
| #define HAVE_STDINT_H 1
| #define HAVE_STDLIB_H 1
| #define HAVE_STRING_H 1
| #define HAVE_STRINGS_H 1
| #define HAVE_SYS_FILE_H 1
| #define HAVE_SYS_PARAM_H 1
| #define HAVE_SYS_SELECT_H 1
| #define HAVE_SYS_SOCKET_H 1
| #define HAVE_SYS_TIME_H 1
| #define HAVE_TERMIOS_H 1
| #define HAVE_UNISTD_H 1
| #define TIME_WITH_SYS_TIME 1
| #define HAVE_FORK 1
| #define HAVE_VFORK 1
| #define HAVE_WORKING_VFORK 1
| #define HAVE_WORKING_FORK 1
| #define HAVE_STDLIB_H 1
| #define HAVE_MALLOC 1
| #define HAVE_STDLIB_H 1
| #define HAVE_REALLOC 1
| #define HAVE_SYS_SELECT_H 1
| #define HAVE_SYS_SOCKET_H 1
| #define SELECT_TYPE_ARG1 int
| #define SELECT_TYPE_ARG234 (fd_set *)
| #define SELECT_TYPE_ARG5 (struct timeval *)
| #define RETSIGTYPE void
| #define LSTAT_FOLLOWS_SLASHED_SYMLINK 1
| #define HAVE_ATEXIT 1
| #define HAVE_GETCWD 1
| #define HAVE_GETHOSTBYNAME 1
| #define HAVE_GETTIMEOFDAY 1
| #define HAVE_INET_NTOA 1
| #define HAVE_MEMSET 1
| #define HAVE_SELECT 1
| #define HAVE_SOCKET 1
| #define HAVE_STRCASECMP 1
| #define HAVE_STRDUP 1
| #define HAVE_STRERROR 1
| #define HAVE_STRTOL 1
| #define POLLING_PTHREAD 1
| #define HAVE_LONG_LONG 1
| /* end confdefs.h.  */
| #ifndef __APPLE_CC__
| 	       not a universal capable compiler
| 	     #endif
| 	     typedef int dummy;
| 
configure:6864: gcc -c -g -O2  conftest.c >&5
configure:6864: $? = 0
configure:6882: gcc -c -g -O2  conftest.c >&5
conftest.c: In function 'main':
conftest.c:84: error: 'not' undeclared (first use in this function)
conftest.c:84: error: (Each undeclared identifier is reported only once
conftest.c:84: error: for each function it appears in.)
conftest.c:84: error: expected ';' before 'big'
configure:6882: $? = 1
configure: failed program was:
| /* confdefs.h */
| #define PACKAGE_NAME "yams"
| #define PACKAGE_TARNAME "yams"
| #define PACKAGE_VERSION "1.4.0"
| #define PACKAGE_STRING "yams 1.4.0"
| #define PACKAGE_BUGREPORT "buenos@cs.hut.fi"
| #define PACKAGE_URL ""
| #define PACKAGE "yams"
| #define VERSION "1.4.0"
| #define HAVE_BRK 1
| #define STDC_HEADERS 1
| #define HAVE_SYS_TYPES_H 1
| #define HAVE_SYS_STAT_H 1
| #define HAVE_STDLIB_H 1
| #define HAVE_STRING_H 1
| #define HAVE_MEMORY_H 1
| #define HAVE_STRINGS_H 1
| #define HAVE_INTTYPES_H 1
| #define HAVE_STDINT_H 1
| #define HAVE_UNISTD_H 1
| #define HAVE_ALLOCA_H 1
| #define HAVE_ALLOCA 1
| #define HAVE_DIRENT_H 1
| #define STDC_HEADERS 1
| #define HAVE_ARPA_INET_H 1
| #define HAVE_FCNTL_H 1
| #define HAVE_INTTYPES_H 1
| #define HAVE_LIBINTL_H 1
| #define HAVE_LOCALE_H 1
| #define HAVE_MALLOC_H 1
| #define HAVE_MEMORY_H 1
| #define HAVE_NETDB_H 1
| #define HAVE_NETINET_IN_H 1
| #define HAVE_STDDEF_H 1
| #define HAVE_STDINT_H 1
| #define HAVE_STDLIB_H 1
| #define HAVE_STRING_H 1
| #define HAVE_STRINGS_H 1
| #define HAVE_SYS_FILE_H 1
| #define HAVE_SYS_PARAM_H 1
| #define HAVE_SYS_SELECT_H 1
| #define HAVE_SYS_SOCKET_H 1
| #define HAVE_SYS_TIME_H 1
| #define HAVE_TERMIOS_H 1
| #define HAVE_UNISTD_H 1
| #define TIME_WITH_SYS_TIME 1
| #define HAVE_FORK 1
| #define HAVE_VFORK 1
| #define HAVE_WORKING_VFORK 1
| #define HAVE_WORKING_FORK 1
| #define HAVE_STDLIB_H 1
| #define HAVE_MALLOC 1
| #define HAVE_STDLIB_H 1
| #define HAVE_REALLOC 1
| #define HAVE_SYS_SELECT_H 1
| #define HAVE_SYS_SOCKET_H 1
| #define SELECT_TYPE_ARG1 int
| #define SELECT_TYPE_ARG234 (fd_set *)
| #define SELECT_TYPE_ARG5 (struct timeval *)
| #define RETSIGTYPE void
| #define LSTAT_FOLLOWS_SLASHED_SYMLINK 1
| #define HAVE_ATEXIT 1
| #define HAVE_GETCWD 1
| #define HAVE_GETHOSTBYNAME 1
| #define HAVE_GETTIMEOFDAY 1
| #define HAVE_INET_NTOA 1
| #define HAVE_MEMSET 1
| #define HAVE_SELECT 1
| #define HAVE_SOCKET 1
| #define HAVE_STRCASECMP 1
| #define HAVE_STRDUP 1
| #define HAVE_STRERROR 1
| #define HAVE_STRTOL 1
| #define POLLING_PTHREAD 1
| #define HAVE_LONG_LONG 1
| /* end confdefs.h.  */
| #include <sys/types.h>
| 		#include <sys/param.h>
| 
| int
| main ()
| {
| #if BYTE_ORDER != BIG_ENDIAN
| 		 not big endian
| 		#endif
| 
|   ;
|   return 0;
| }
configure:7010: result: no
configure:7144: creating ./config.status

## ---------------------- ##
## Running config.status. ##
## ---------------------- ##

This file was extended by yams config.status 1.4.0, which was
generated by GNU Autoconf 2.65.  Invocation command line was

  CONFIG_FILES    = 
  CONFIG_HEADERS  = 
  CONFIG_LINKS    = 
  CONFIG_COMMANDS = 
  $ ./config.status 

on malte-laptop

config.status:929: creating Makefile
config.status:929: creating man/Makefile
config.status:929: creating src/Makefile
config.status:929: creating info/Makefile
config.status:929: creating config.h
config.status:1095: config.h is unchanged
config.status:1142: executing depfiles commands
config.status:1142: executing default commands

## ---------------- ##
## Cache variables. ##
## ---------------- ##

ac_cv_build=i686-pc-linux-gnu
ac_cv_c_bigendian=no
ac_cv_c_compiler_gnu=yes
ac_cv_c_const=yes
ac_cv_c_inline=inline
ac_cv_c_int16_t=yes
ac_cv_c_int32_t=yes
ac_cv_c_int64_t=yes
ac_cv_c_int8_t=yes
ac_cv_c_uint16_t=yes
ac_cv_c_uint32_t=yes
ac_cv_c_uint64_t=yes
ac_cv_c_uint8_t=yes
ac_cv_c_volatile=yes
ac_cv_env_CC_set=
ac_cv_env_CC_value=
ac_cv_env_CFLAGS_set=
ac_cv_env_CFLAGS_value=
ac_cv_env_CPPFLAGS_set=
ac_cv_env_CPPFLAGS_value=
ac_cv_env_CPP_set=
ac_cv_env_CPP_value=
ac_cv_env_LDFLAGS_set=
ac_cv_env_LDFLAGS_value=
ac_cv_env_LIBS_set=
ac_cv_env_LIBS_value=
ac_cv_env_YACC_set=
ac_cv_env_YACC_value=
ac_cv_env_YFLAGS_set=
ac_cv_env_YFLAGS_value=
ac_cv_env_build_alias_set=
ac_cv_env_build_alias_value=
ac_cv_env_host_alias_set=
ac_cv_env_host_alias_value=
ac_cv_env_target_alias_set=
ac_cv_env_target_alias_value=
ac_cv_func_alloca_works=yes
ac_cv_func_atexit=yes
ac_cv_func_brk=yes
ac_cv_func_closedir_void=no
ac_cv_func_fork=yes
ac_cv_func_fork_works=yes
ac_cv_func_getcwd=yes
ac_cv_func_gethostbyname=yes
ac_cv_func_gethostent=yes
ac_cv_func_gettimeofday=yes
ac_cv_func_inet_ntoa=yes
ac_cv_func_lstat_dereferences_slashed_symlink=yes
ac_cv_func_malloc_0_nonnull=yes
ac_cv_func_memcmp_working=yes
ac_cv_func_memset=yes
ac_cv_func_realloc_0_nonnull=yes
ac_cv_func_select=yes
ac_cv_func_select_args='int,fd_set *,struct timeval *'
ac_cv_func_sem_init=yes
ac_cv_func_setsockopt=yes
ac_cv_func_socket=yes
ac_cv_func_stat_empty_string_bug=no
ac_cv_func_strcasecmp=yes
ac_cv_func_strdup=yes
ac_cv_func_strerror=yes
ac_cv_func_strtol=yes
ac_cv_func_vfork=yes
ac_cv_func_vfork_works=yes
ac_cv_header_arpa_inet_h=yes
ac_cv_header_dirent_dirent_h=yes
ac_cv_header_fcntl_h=yes
ac_cv_header_inttypes_h=yes
ac_cv_header_libintl_h=yes
ac_cv_header_locale_h=yes
ac_cv_header_malloc_h=yes
ac_cv_header_memory_h=yes
ac_cv_header_netdb_h=yes
ac_cv_header_netinet_in_h=yes
ac_cv_header_pthread_h=yes
ac_cv_header_semaphore_h=yes
ac_cv_header_stdc=yes
ac_cv_header_stddef_h=yes
ac_cv_header_stdint_h=yes
ac_cv_header_stdlib_h=yes
ac_cv_header_string_h=yes
ac_cv_header_strings_h=yes
ac_cv_header_sys_file_h=yes
ac_cv_header_sys_param_h=yes
ac_cv_header_sys_select_h=yes
ac_cv_header_sys_socket_h=yes
ac_cv_header_sys_stat_h=yes
ac_cv_header_sys_time_h=yes
ac_cv_header_sys_types_h=yes
ac_cv_header_termios_h=yes
ac_cv_header_time=yes
ac_cv_header_unistd_h=yes
ac_cv_header_vfork_h=no
ac_cv_host=i686-pc-linux-gnu
ac_cv_lib_ncurses_tparm=no
ac_cv_lib_readline_readline=no
ac_cv_lib_termcap_tgetent=no
ac_cv_objext=o
ac_cv_path_EGREP='/bin/grep -E'
ac_cv_path_GREP=/bin/grep
ac_cv_path_install='/usr/bin/install -c'
ac_cv_prog_AWK=gawk
ac_cv_prog_CPP='gcc -E'
ac_cv_prog_PTHREAD_CC=gcc
ac_cv_prog_ac_ct_CC=gcc
ac_cv_prog_cc_c89=
ac_cv_prog_cc_g=yes
ac_cv_prog_make_make_set=yes
ac_cv_search_opendir='none required'
ac_cv_search_strerror='none required'
ac_cv_type_long_long=yes
ac_cv_type_pid_t=yes
ac_cv_type_signal=void
ac_cv_type_size_t=yes
ac_cv_type_ssize_t=yes
ac_cv_working_alloca_h=yes
am_cv_CC_dependencies_compiler_type=gcc3

## ----------------- ##
## Output variables. ##
## ----------------- ##

ACLOCAL='${SHELL} /home/malte/Dropbox/OSM/yams/missing --run aclocal-1.9'
ALLOCA=''
AMDEPBACKSLASH='\'
AMDEP_FALSE='#'
AMDEP_TRUE=''
AMTAR='${SHELL} /home/malte/Dropbox/OSM/yams/missing --run tar'
AUTOCONF='${SHELL} /home/malte/Dropbox/OSM/yams/missing --run autoconf'
AUTOHEADER='${SHELL} /home/malte/Dropbox/OSM/yams/missing --run autoheader'
AUTOMAKE='${SHELL} /home/malte/Dropbox/OSM/yams/missing --run automake-1.9'
AWK='gawk'
CC='gcc'
CCDEPMODE='depmode=gcc3'
CFLAGS='-g -O2'
CPP='gcc -E'
CPPFLAGS=''
CYGPATH_W='echo'
DEFS='-DHAVE_CONFIG_H'
DEPDIR='.deps'
ECHO_C=''
ECHO_N='-n'
ECHO_T=''
EGREP='/bin/grep -E'
EXEEXT=''
GREP='/bin/grep'
INCLUDEDIRS=''
INSTALL_DATA='${INSTALL} -m 644'
INSTALL_PROGRAM='${INSTALL}'
INSTALL_SCRIPT='${INSTALL}'
INSTALL_STRIP_PROGRAM='${SHELL} $(install_sh) -c -s'
LDFLAGS=''
LEX='${SHELL} /home/malte/Dropbox/OSM/yams/missing --run flex'
LEXLIB=''
LEX_OUTPUT_ROOT=''
LIBDIRS=''
LIBOBJS=''
LIBS=''
LTLIBOBJS=''
MAKEINFO='${SHELL} /home/malte/Dropbox/OSM/yams/missing --run makeinfo'
OBJEXT='o'
PACKAGE='yams'
PACKAGE_BUGREPORT='buenos@cs.hut.fi'
PACKAGE_NAME='yams'
PACKAGE_STRING='yams 1.4.0'
PACKAGE_TARNAME='yams'
PACKAGE_URL=''
PACKAGE_VERSION='1.4.0'
PATH_SEPARATOR=':'
PTHREAD_CC='gcc'
PTHREAD_CFLAGS='-pthread'
PTHREAD_LIBS=''
SET_MAKE=''
SHELL='/bin/bash'
STRIP=''
VERSION='1.4.0'
WARNINGFLAGS='-Wall'
YACC='yacc'
YAMSLIBS=''
YFLAGS=''
ac_ct_CC='gcc'
acx_pthread_config=''
am__fastdepCC_FALSE='#'
am__fastdepCC_TRUE=''
am__include='include'
am__leading_dot='.'
am__quote=''
am__tar='${AMTAR} chof - "$$tardir"'
am__untar='${AMTAR} xf -'
bindir='${exec_prefix}/bin'
build='i686-pc-linux-gnu'
build_alias=''
build_cpu='i686'
build_os='linux-gnu'
build_vendor='pc'
datadir='${datarootdir}'
datarootdir='${prefix}/share'
docdir='${datarootdir}/doc/${PACKAGE_TARNAME}'
dvidir='${docdir}'
exec_prefix='${prefix}'
host='i686-pc-linux-gnu'
host_alias=''
host_cpu='i686'
host_os='linux-gnu'
host_vendor='pc'
htmldir='${docdir}'
includedir='${prefix}/include'
infodir='${datarootdir}/info'
install_sh='/home/malte/Dropbox/OSM/yams/install-sh'
ke_PRE='0.0.0'
libdir='${exec_prefix}/lib'
libexecdir='${exec_prefix}/libexec'
localedir='${datarootdir}/locale'
localstatedir='${prefix}/var'
mandir='${datarootdir}/man'
mkdir_p='mkdir -p --'
oldincludedir='/usr/include'
pdfdir='${docdir}'
prefix='/usr/local'
program_transform_name='s,x,x,'
psdir='${docdir}'
sbindir='${exec_prefix}/sbin'
sharedstatedir='${prefix}/com'
sysconfdir='${prefix}/etc'
target_alias=''

## ----------- ##
## confdefs.h. ##
## ----------- ##

/* confdefs.h */
#define PACKAGE_NAME "yams"
#define PACKAGE_TARNAME "yams"
#define PACKAGE_VERSION "1.4.0"
#define PACKAGE_STRING "yams 1.4.0"
#define PACKAGE_BUGREPORT "buenos@cs.hut.fi"
#define PACKAGE_URL ""
#define PACKAGE "yams"
#define VERSION "1.4.0"
#define HAVE_BRK 1
#define STDC_HEADERS 1
#define HAVE_SYS_TYPES_H 1
#define HAVE_SYS_STAT_H 1
#define HAVE_STDLIB_H 1
#define HAVE_STRING_H 1
#define HAVE_MEMORY_H 1
#define HAVE_STRINGS_H 1
#define HAVE_INTTYPES_H 1
#define HAVE_STDINT_H 1
#define HAVE_UNISTD_H 1
#define HAVE_ALLOCA_H 1
#define HAVE_ALLOCA 1
#define HAVE_DIRENT_H 1
#define STDC_HEADERS 1
#define HAVE_ARPA_INET_H 1
#define HAVE_FCNTL_H 1
#define HAVE_INTTYPES_H 1
#define HAVE_LIBINTL_H 1
#define HAVE_LOCALE_H 1
#define HAVE_MALLOC_H 1
#define HAVE_MEMORY_H 1
#define HAVE_NETDB_H 1
#define HAVE_NETINET_IN_H 1
#define HAVE_STDDEF_H 1
#define HAVE_STDINT_H 1
#define HAVE_STDLIB_H 1
#define HAVE_STRING_H 1
#define HAVE_STRINGS_H 1
#define HAVE_SYS_FILE_H 1
#define HAVE_SYS_PARAM_H 1
#define HAVE_SYS_SELECT_H 1
#define HAVE_SYS_SOCKET_H 1
#define HAVE_SYS_TIME_H 1
#define HAVE_TERMIOS_H 1
#define HAVE_UNISTD_H 1
#define TIME_WITH_SYS_TIME 1
#define HAVE_FORK 1
#define HAVE_VFORK 1
#define HAVE_WORKING_VFORK 1
#define HAVE_WORKING_FORK 1
#define HAVE_STDLIB_H 1
#define HAVE_MALLOC 1
#define HAVE_STDLIB_H 1
#define HAVE_REALLOC 1
#define HAVE_SYS_SELECT_H 1
#define HAVE_SYS_SOCKET_H 1
#define SELECT_TYPE_ARG1 int
#define SELECT_TYPE_ARG234 (fd_set *)
#define SELECT_TYPE_ARG5 (struct timeval *)
#define RETSIGTYPE void
#define LSTAT_FOLLOWS_SLASHED_SYMLINK 1
#define HAVE_ATEXIT 1
#define HAVE_GETCWD 1
#define HAVE_GETHOSTBYNAME 1
#define HAVE_GETTIMEOFDAY 1
#define HAVE_INET_NTOA 1
#define HAVE_MEMSET 1
#define HAVE_SELECT 1
#define HAVE_SOCKET 1
#define HAVE_STRCASECMP 1
#define HAVE_STRDUP 1
#define HAVE_STRERROR 1
#define HAVE_STRTOL 1
#define POLLING_PTHREAD 1
#define HAVE_LONG_LONG 1

configure: exit 0
